{"C:\\Users\\ratho\\Carbon-Footprint-Awareness-Platform\\src\\app\\App.tsx": {"path":"C:\\Users\\ratho\\Carbon-Footprint-Awareness-Platform\\src\\app\\App.tsx","statementMap":{"0":{"start":{"line":7,"column":6},"end":{"line":7,"column":null}},"1":{"start":{"line":7,"column":35},"end":{"line":7,"column":null}},"2":{"start":{"line":7,"column":106},"end":{"line":7,"column":null}},"3":{"start":{"line":8,"column":6},"end":{"line":8,"column":null}},"4":{"start":{"line":8,"column":37},"end":{"line":8,"column":null}},"5":{"start":{"line":8,"column":110},"end":{"line":8,"column":null}},"6":{"start":{"line":9,"column":6},"end":{"line":9,"column":null}},"7":{"start":{"line":9,"column":43},"end":{"line":9,"column":null}},"8":{"start":{"line":9,"column":122},"end":{"line":9,"column":null}},"9":{"start":{"line":12,"column":2},"end":{"line":12,"column":null}},"10":{"start":{"line":22,"column":24},"end":{"line":22,"column":null}},"11":{"start":{"line":23,"column":2},"end":{"line":55,"column":null}},"12":{"start":{"line":60,"column":2},"end":{"line":109,"column":null}},"13":{"start":{"line":114,"column":2},"end":{"line":117,"column":null}}},"fnMap":{"0":{"name":"(anonymous_0)","decl":{"start":{"line":7,"column":29},"end":{"line":7,"column":35}},"loc":{"start":{"line":7,"column":35},"end":{"line":7,"column":null}},"line":7},"1":{"name":"(anonymous_1)","decl":{"start":{"line":7,"column":97},"end":{"line":7,"column":106}},"loc":{"start":{"line":7,"column":106},"end":{"line":7,"column":null}},"line":7},"2":{"name":"(anonymous_2)","decl":{"start":{"line":8,"column":31},"end":{"line":8,"column":37}},"loc":{"start":{"line":8,"column":37},"end":{"line":8,"column":null}},"line":8},"3":{"name":"(anonymous_3)","decl":{"start":{"line":8,"column":101},"end":{"line":8,"column":110}},"loc":{"start":{"line":8,"column":110},"end":{"line":8,"column":null}},"line":8},"4":{"name":"(anonymous_4)","decl":{"start":{"line":9,"column":37},"end":{"line":9,"column":43}},"loc":{"start":{"line":9,"column":43},"end":{"line":9,"column":null}},"line":9},"5":{"name":"(anonymous_5)","decl":{"start":{"line":9,"column":113},"end":{"line":9,"column":122}},"loc":{"start":{"line":9,"column":122},"end":{"line":9,"column":null}},"line":9},"6":{"name":"ChartFallback","decl":{"start":{"line":11,"column":9},"end":{"line":11,"column":25}},"loc":{"start":{"line":11,"column":25},"end":{"line":13,"column":null}},"line":11},"7":{"name":"Header","decl":{"start":{"line":21,"column":9},"end":{"line":21,"column":18}},"loc":{"start":{"line":21,"column":18},"end":{"line":57,"column":null}},"line":21},"8":{"name":"Layout","decl":{"start":{"line":59,"column":9},"end":{"line":59,"column":18}},"loc":{"start":{"line":59,"column":18},"end":{"line":111,"column":null}},"line":59},"9":{"name":"App","decl":{"start":{"line":113,"column":24},"end":{"line":113,"column":30}},"loc":{"start":{"line":113,"column":30},"end":{"line":119,"column":null}},"line":113}},"branchMap":{},"s":{"0":1,"1":1,"2":1,"3":1,"4":1,"5":0,"6":1,"7":1,"8":1,"9":4,"10":2,"11":2,"12":2,"13":2},"f":{"0":1,"1":1,"2":1,"3":0,"4":1,"5":1,"6":4,"7":2,"8":2,"9":2},"b":{},"meta":{"lastBranch":0,"lastFunction":10,"lastStatement":14,"seen":{"s:7:6:7:Infinity":0,"f:7:29:7:35":0,"s:7:35:7:Infinity":1,"f:7:97:7:106":1,"s:7:106:7:Infinity":2,"s:8:6:8:Infinity":3,"f:8:31:8:37":2,"s:8:37:8:Infinity":4,"f:8:101:8:110":3,"s:8:110:8:Infinity":5,"s:9:6:9:Infinity":6,"f:9:37:9:43":4,"s:9:43:9:Infinity":7,"f:9:113:9:122":5,"s:9:122:9:Infinity":8,"f:11:9:11:25":6,"s:12:2:12:Infinity":9,"f:21:9:21:18":7,"s:22:24:22:Infinity":10,"s:23:2:55:Infinity":11,"f:59:9:59:18":8,"s:60:2:109:Infinity":12,"f:113:24:113:30":9,"s:114:2:117:Infinity":13},"fnNames":{}}}
,"C:\\Users\\ratho\\Carbon-Footprint-Awareness-Platform\\src\\app\\components\\dashboard\\CategoryComparisonChart.tsx": {"path":"C:\\Users\\ratho\\Carbon-Footprint-Awareness-Platform\\src\\app\\components\\dashboard\\CategoryComparisonChart.tsx","statementMap":{"0":{"start":{"line":18,"column":27},"end":{"line":18,"column":null}},"1":{"start":{"line":20,"column":8},"end":{"line":32,"column":null}},"2":{"start":{"line":22,"column":6},"end":{"line":30,"column":null}},"3":{"start":{"line":22,"column":36},"end":{"line":30,"column":8}},"4":{"start":{"line":28,"column":42},"end":{"line":28,"column":67}},"5":{"start":{"line":34,"column":8},"end":{"line":37,"column":null}},"6":{"start":{"line":35,"column":10},"end":{"line":35,"column":null}},"7":{"start":{"line":35,"column":45},"end":{"line":35,"column":64}},"8":{"start":{"line":39,"column":2},"end":{"line":92,"column":null}},"9":{"start":{"line":57,"column":28},"end":{"line":57,"column":null}},"10":{"start":{"line":58,"column":29},"end":{"line":58,"column":null}},"11":{"start":{"line":59,"column":12},"end":{"line":87,"column":null}}},"fnMap":{"0":{"name":"CategoryComparisonChart","decl":{"start":{"line":17,"column":16},"end":{"line":17,"column":42}},"loc":{"start":{"line":17,"column":42},"end":{"line":94,"column":null}},"line":17},"1":{"name":"(anonymous_1)","decl":{"start":{"line":21,"column":4},"end":{"line":21,"column":null}},"loc":{"start":{"line":22,"column":6},"end":{"line":30,"column":null}},"line":22},"2":{"name":"(anonymous_2)","decl":{"start":{"line":22,"column":28},"end":{"line":22,"column":29}},"loc":{"start":{"line":22,"column":36},"end":{"line":30,"column":8}},"line":22},"3":{"name":"(anonymous_3)","decl":{"start":{"line":28,"column":35},"end":{"line":28,"column":36}},"loc":{"start":{"line":28,"column":42},"end":{"line":28,"column":67}},"line":28},"4":{"name":"(anonymous_4)","decl":{"start":{"line":35,"column":4},"end":{"line":35,"column":10}},"loc":{"start":{"line":35,"column":10},"end":{"line":35,"column":null}},"line":35},"5":{"name":"(anonymous_5)","decl":{"start":{"line":35,"column":38},"end":{"line":35,"column":39}},"loc":{"start":{"line":35,"column":45},"end":{"line":35,"column":64}},"line":35},"6":{"name":"(anonymous_6)","decl":{"start":{"line":56,"column":20},"end":{"line":56,"column":21}},"loc":{"start":{"line":56,"column":29},"end":{"line":89,"column":11}},"line":56}},"branchMap":{"0":{"loc":{"start":{"line":28,"column":10},"end":{"line":28,"column":null}},"type":"binary-expr","locations":[{"start":{"line":28,"column":10},"end":{"line":28,"column":83}},{"start":{"line":28,"column":83},"end":{"line":28,"column":null}}],"line":28}},"s":{"0":0,"1":0,"2":0,"3":0,"4":0,"5":0,"6":0,"7":0,"8":0,"9":0,"10":0,"11":0},"f":{"0":0,"1":0,"2":0,"3":0,"4":0,"5":0,"6":0},"b":{"0":[0,0]},"meta":{"lastBranch":1,"lastFunction":7,"lastStatement":12,"seen":{"f:17:16:17:42":0,"s:18:27:18:Infinity":0,"s:20:8:32:Infinity":1,"f:21:4:21:Infinity":1,"s:22:6:30:Infinity":2,"f:22:28:22:29":2,"s:22:36:30:8":3,"b:28:10:28:83:28:83:28:Infinity":0,"f:28:35:28:36":3,"s:28:42:28:67":4,"s:34:8:37:Infinity":5,"f:35:4:35:10":4,"s:35:10:35:Infinity":6,"f:35:38:35:39":5,"s:35:45:35:64":7,"s:39:2:92:Infinity":8,"f:56:20:56:21":6,"s:57:28:57:Infinity":9,"s:58:29:58:Infinity":10,"s:59:12:87:Infinity":11},"fnNames":{}}}
,"C:\\Users\\ratho\\Carbon-Footprint-Awareness-Platform\\src\\app\\components\\dashboard\\ComparisonGauge.tsx": {"path":"C:\\Users\\ratho\\Carbon-Footprint-Awareness-Platform\\src\\app\\components\\dashboard\\ComparisonGauge.tsx","statementMap":{"0":{"start":{"line":12,"column":27},"end":{"line":12,"column":null}},"1":{"start":{"line":14,"column":21},"end":{"line":20,"column":null}},"2":{"start":{"line":15,"column":14},"end":{"line":17,"column":null}},"3":{"start":{"line":19,"column":4},"end":{"line":19,"column":null}},"4":{"start":{"line":22,"column":15},"end":{"line":22,"column":null}},"5":{"start":{"line":23,"column":17},"end":{"line":23,"column":null}},"6":{"start":{"line":24,"column":8},"end":{"line":24,"column":null}},"7":{"start":{"line":25,"column":15},"end":{"line":25,"column":null}},"8":{"start":{"line":26,"column":17},"end":{"line":26,"column":null}},"9":{"start":{"line":28,"column":16},"end":{"line":28,"column":null}},"10":{"start":{"line":29,"column":16},"end":{"line":29,"column":null}},"11":{"start":{"line":31,"column":2},"end":{"line":102,"column":null}}},"fnMap":{"0":{"name":"ComparisonGauge","decl":{"start":{"line":11,"column":16},"end":{"line":11,"column":34}},"loc":{"start":{"line":11,"column":34},"end":{"line":104,"column":null}},"line":11},"1":{"name":"(anonymous_1)","decl":{"start":{"line":14,"column":33},"end":{"line":14,"column":39}},"loc":{"start":{"line":14,"column":39},"end":{"line":20,"column":5}},"line":14}},"branchMap":{"0":{"loc":{"start":{"line":15,"column":14},"end":{"line":17,"column":null}},"type":"cond-expr","locations":[{"start":{"line":16,"column":8},"end":{"line":16,"column":null}},{"start":{"line":17,"column":8},"end":{"line":17,"column":null}}],"line":15},"1":{"loc":{"start":{"line":29,"column":16},"end":{"line":29,"column":null}},"type":"cond-expr","locations":[{"start":{"line":29,"column":24},"end":{"line":29,"column":43}},{"start":{"line":29,"column":43},"end":{"line":29,"column":null}}],"line":29},"2":{"loc":{"start":{"line":96,"column":13},"end":{"line":98,"column":null}},"type":"cond-expr","locations":[{"start":{"line":97,"column":16},"end":{"line":97,"column":null}},{"start":{"line":98,"column":16},"end":{"line":98,"column":null}}],"line":96}},"s":{"0":0,"1":0,"2":0,"3":0,"4":0,"5":0,"6":0,"7":0,"8":0,"9":0,"10":0,"11":0},"f":{"0":0,"1":0},"b":{"0":[0,0],"1":[0,0],"2":[0,0]},"meta":{"lastBranch":3,"lastFunction":2,"lastStatement":12,"seen":{"f:11:16:11:34":0,"s:12:27:12:Infinity":0,"s:14:21:20:Infinity":1,"f:14:33:14:39":1,"s:15:14:17:Infinity":2,"b:16:8:16:Infinity:17:8:17:Infinity":0,"s:19:4:19:Infinity":3,"s:22:15:22:Infinity":4,"s:23:17:23:Infinity":5,"s:24:8:24:Infinity":6,"s:25:15:25:Infinity":7,"s:26:17:26:Infinity":8,"s:28:16:28:Infinity":9,"s:29:16:29:Infinity":10,"b:29:24:29:43:29:43:29:Infinity":1,"s:31:2:102:Infinity":11,"b:97:16:97:Infinity:98:16:98:Infinity":2},"fnNames":{}}}
,"C:\\Users\\ratho\\Carbon-Footprint-Awareness-Platform\\src\\app\\components\\dashboard\\DistributionChart.tsx": {"path":"C:\\Users\\ratho\\Carbon-Footprint-Awareness-Platform\\src\\app\\components\\dashboard\\DistributionChart.tsx","statementMap":{"0":{"start":{"line":14,"column":15},"end":{"line":19,"column":null}},"1":{"start":{"line":22,"column":17},"end":{"line":22,"column":null}},"2":{"start":{"line":24,"column":8},"end":{"line":30,"column":null}},"3":{"start":{"line":26,"column":6},"end":{"line":28,"column":null}},"4":{"start":{"line":27,"column":21},"end":{"line":27,"column":72}},"5":{"start":{"line":28,"column":23},"end":{"line":28,"column":34}},"6":{"start":{"line":32,"column":16},"end":{"line":32,"column":null}},"7":{"start":{"line":34,"column":2},"end":{"line":87,"column":null}},"8":{"start":{"line":59,"column":18},"end":{"line":59,"column":null}},"9":{"start":{"line":63,"column":46},"end":{"line":66,"column":null}},"10":{"start":{"line":78,"column":18},"end":{"line":80,"column":null}}},"fnMap":{"0":{"name":"DistributionChart","decl":{"start":{"line":21,"column":16},"end":{"line":21,"column":36}},"loc":{"start":{"line":21,"column":36},"end":{"line":89,"column":null}},"line":21},"1":{"name":"(anonymous_1)","decl":{"start":{"line":25,"column":4},"end":{"line":25,"column":null}},"loc":{"start":{"line":26,"column":6},"end":{"line":28,"column":null}},"line":26},"2":{"name":"(anonymous_2)","decl":{"start":{"line":27,"column":13},"end":{"line":27,"column":14}},"loc":{"start":{"line":27,"column":21},"end":{"line":27,"column":72}},"line":27},"3":{"name":"(anonymous_3)","decl":{"start":{"line":28,"column":16},"end":{"line":28,"column":17}},"loc":{"start":{"line":28,"column":23},"end":{"line":28,"column":34}},"line":28},"4":{"name":"(anonymous_4)","decl":{"start":{"line":58,"column":26},"end":{"line":58,"column":27}},"loc":{"start":{"line":59,"column":18},"end":{"line":59,"column":null}},"line":59},"5":{"name":"(anonymous_5)","decl":{"start":{"line":63,"column":27},"end":{"line":63,"column":28}},"loc":{"start":{"line":63,"column":46},"end":{"line":66,"column":null}},"line":63},"6":{"name":"(anonymous_6)","decl":{"start":{"line":77,"column":27},"end":{"line":77,"column":28}},"loc":{"start":{"line":78,"column":18},"end":{"line":80,"column":null}},"line":78}},"branchMap":{"0":{"loc":{"start":{"line":40,"column":9},"end":{"line":84,"column":null}},"type":"cond-expr","locations":[{"start":{"line":41,"column":10},"end":{"line":43,"column":null}},{"start":{"line":45,"column":10},"end":{"line":84,"column":null}}],"line":40},"1":{"loc":{"start":{"line":64,"column":43},"end":{"line":64,"column":93}},"type":"cond-expr","locations":[{"start":{"line":64,"column":51},"end":{"line":64,"column":92}},{"start":{"line":64,"column":92},"end":{"line":64,"column":93}}],"line":64}},"s":{"0":0,"1":0,"2":0,"3":0,"4":0,"5":0,"6":0,"7":0,"8":0,"9":0,"10":0},"f":{"0":0,"1":0,"2":0,"3":0,"4":0,"5":0,"6":0},"b":{"0":[0,0],"1":[0,0]},"meta":{"lastBranch":2,"lastFunction":7,"lastStatement":11,"seen":{"s:14:15:19:Infinity":0,"f:21:16:21:36":0,"s:22:17:22:Infinity":1,"s:24:8:30:Infinity":2,"f:25:4:25:Infinity":1,"s:26:6:28:Infinity":3,"f:27:13:27:14":2,"s:27:21:27:72":4,"f:28:16:28:17":3,"s:28:23:28:34":5,"s:32:16:32:Infinity":6,"s:34:2:87:Infinity":7,"b:41:10:43:Infinity:45:10:84:Infinity":0,"f:58:26:58:27":4,"s:59:18:59:Infinity":8,"f:63:27:63:28":5,"s:63:46:66:Infinity":9,"b:64:51:64:92:64:92:64:93":1,"f:77:27:77:28":6,"s:78:18:80:Infinity":10},"fnNames":{}}}
,"C:\\Users\\ratho\\Carbon-Footprint-Awareness-Platform\\src\\app\\components\\dashboard\\MetricCards.tsx": {"path":"C:\\Users\\ratho\\Carbon-Footprint-Awareness-Platform\\src\\app\\components\\dashboard\\MetricCards.tsx","statementMap":{"0":{"start":{"line":7,"column":27},"end":{"line":7,"column":null}},"1":{"start":{"line":10,"column":4},"end":{"line":12,"column":null}},"2":{"start":{"line":13,"column":16},"end":{"line":13,"column":null}},"3":{"start":{"line":15,"column":24},"end":{"line":15,"column":null}},"4":{"start":{"line":17,"column":18},"end":{"line":51,"column":null}},"5":{"start":{"line":53,"column":2},"end":{"line":92,"column":null}},"6":{"start":{"line":60,"column":8},"end":{"line":90,"column":null}}},"fnMap":{"0":{"name":"MetricCards","decl":{"start":{"line":6,"column":16},"end":{"line":6,"column":30}},"loc":{"start":{"line":6,"column":30},"end":{"line":94,"column":null}},"line":6},"1":{"name":"(anonymous_1)","decl":{"start":{"line":59,"column":19},"end":{"line":59,"column":20}},"loc":{"start":{"line":60,"column":8},"end":{"line":90,"column":null}},"line":60}},"branchMap":{"0":{"loc":{"start":{"line":10,"column":4},"end":{"line":12,"column":null}},"type":"cond-expr","locations":[{"start":{"line":10,"column":30},"end":{"line":11,"column":null}},{"start":{"line":12,"column":8},"end":{"line":12,"column":null}}],"line":10},"1":{"loc":{"start":{"line":42,"column":16},"end":{"line":42,"column":32}},"type":"cond-expr","locations":[{"start":{"line":42,"column":24},"end":{"line":42,"column":29}},{"start":{"line":42,"column":29},"end":{"line":42,"column":32}}],"line":42},"2":{"loc":{"start":{"line":43,"column":12},"end":{"line":46,"column":null}},"type":"cond-expr","locations":[{"start":{"line":44,"column":8},"end":{"line":44,"column":null}},{"start":{"line":46,"column":8},"end":{"line":46,"column":null}}],"line":43},"3":{"loc":{"start":{"line":48,"column":11},"end":{"line":48,"column":null}},"type":"cond-expr","locations":[{"start":{"line":48,"column":19},"end":{"line":48,"column":38}},{"start":{"line":48,"column":38},"end":{"line":48,"column":null}}],"line":48},"4":{"loc":{"start":{"line":49,"column":12},"end":{"line":49,"column":null}},"type":"cond-expr","locations":[{"start":{"line":49,"column":20},"end":{"line":49,"column":29}},{"start":{"line":49,"column":29},"end":{"line":49,"column":null}}],"line":49},"5":{"loc":{"start":{"line":66,"column":18},"end":{"line":70,"column":null}},"type":"cond-expr","locations":[{"start":{"line":67,"column":22},"end":{"line":67,"column":null}},{"start":{"line":68,"column":22},"end":{"line":70,"column":null}}],"line":66},"6":{"loc":{"start":{"line":66,"column":18},"end":{"line":66,"column":null}},"type":"binary-expr","locations":[{"start":{"line":66,"column":18},"end":{"line":66,"column":33}},{"start":{"line":66,"column":33},"end":{"line":66,"column":null}}],"line":66},"7":{"loc":{"start":{"line":68,"column":22},"end":{"line":70,"column":null}},"type":"cond-expr","locations":[{"start":{"line":69,"column":24},"end":{"line":69,"column":null}},{"start":{"line":70,"column":24},"end":{"line":70,"column":null}}],"line":68},"8":{"loc":{"start":{"line":68,"column":22},"end":{"line":68,"column":null}},"type":"binary-expr","locations":[{"start":{"line":68,"column":22},"end":{"line":68,"column":37}},{"start":{"line":68,"column":37},"end":{"line":68,"column":null}}],"line":68},"9":{"loc":{"start":{"line":78,"column":16},"end":{"line":82,"column":null}},"type":"cond-expr","locations":[{"start":{"line":79,"column":20},"end":{"line":79,"column":null}},{"start":{"line":80,"column":20},"end":{"line":82,"column":null}}],"line":78},"10":{"loc":{"start":{"line":78,"column":16},"end":{"line":78,"column":null}},"type":"binary-expr","locations":[{"start":{"line":78,"column":16},"end":{"line":78,"column":31}},{"start":{"line":78,"column":31},"end":{"line":78,"column":null}}],"line":78},"11":{"loc":{"start":{"line":80,"column":20},"end":{"line":82,"column":null}},"type":"cond-expr","locations":[{"start":{"line":81,"column":22},"end":{"line":81,"column":null}},{"start":{"line":82,"column":22},"end":{"line":82,"column":null}}],"line":80},"12":{"loc":{"start":{"line":80,"column":20},"end":{"line":80,"column":null}},"type":"binary-expr","locations":[{"start":{"line":80,"column":20},"end":{"line":80,"column":35}},{"start":{"line":80,"column":35},"end":{"line":80,"column":null}}],"line":80}},"s":{"0":2,"1":2,"2":2,"3":2,"4":2,"5":2,"6":8},"f":{"0":2,"1":8},"b":{"0":[2,0],"1":[2,0],"2":[2,0],"3":[2,0],"4":[2,0],"5":[2,6],"6":[8,2],"7":[0,6],"8":[6,0],"9":[2,6],"10":[8,2],"11":[0,6],"12":[6,0]},"meta":{"lastBranch":13,"lastFunction":2,"lastStatement":7,"seen":{"f:6:16:6:30":0,"s:7:27:7:Infinity":0,"s:10:4:12:Infinity":1,"b:10:30:11:Infinity:12:8:12:Infinity":0,"s:13:16:13:Infinity":2,"s:15:24:15:Infinity":3,"s:17:18:51:Infinity":4,"b:42:24:42:29:42:29:42:32":1,"b:44:8:44:Infinity:46:8:46:Infinity":2,"b:48:19:48:38:48:38:48:Infinity":3,"b:49:20:49:29:49:29:49:Infinity":4,"s:53:2:92:Infinity":5,"f:59:19:59:20":1,"s:60:8:90:Infinity":6,"b:67:22:67:Infinity:68:22:70:Infinity":5,"b:66:18:66:33:66:33:66:Infinity":6,"b:69:24:69:Infinity:70:24:70:Infinity":7,"b:68:22:68:37:68:37:68:Infinity":8,"b:79:20:79:Infinity:80:20:82:Infinity":9,"b:78:16:78:31:78:31:78:Infinity":10,"b:81:22:81:Infinity:82:22:82:Infinity":11,"b:80:20:80:35:80:35:80:Infinity":12},"fnNames":{}}}
,"C:\\Users\\ratho\\Carbon-Footprint-Awareness-Platform\\src\\app\\components\\recommendations\\Recommendations.tsx": {"path":"C:\\Users\\ratho\\Carbon-Footprint-Awareness-Platform\\src\\app\\components\\recommendations\\Recommendations.tsx","statementMap":{"0":{"start":{"line":10,"column":33},"end":{"line":10,"column":null}},"1":{"start":{"line":12,"column":49},"end":{"line":16,"column":null}},"2":{"start":{"line":19,"column":2},"end":{"line":31,"column":null}},"3":{"start":{"line":36,"column":26},"end":{"line":36,"column":null}},"4":{"start":{"line":38,"column":8},"end":{"line":46,"column":null}},"5":{"start":{"line":39,"column":54},"end":{"line":43,"column":null}},"6":{"start":{"line":44,"column":4},"end":{"line":44,"column":null}},"7":{"start":{"line":44,"column":37},"end":{"line":44,"column":null}},"8":{"start":{"line":45,"column":4},"end":{"line":45,"column":null}},"9":{"start":{"line":48,"column":8},"end":{"line":51,"column":null}},"10":{"start":{"line":49,"column":10},"end":{"line":49,"column":null}},"11":{"start":{"line":49,"column":45},"end":{"line":49,"column":70}},"12":{"start":{"line":53,"column":2},"end":{"line":101,"column":null}},"13":{"start":{"line":75,"column":14},"end":{"line":96,"column":null}},"14":{"start":{"line":93,"column":47},"end":{"line":93,"column":81}}},"fnMap":{"0":{"name":"RecCard","decl":{"start":{"line":18,"column":9},"end":{"line":18,"column":17}},"loc":{"start":{"line":18,"column":51},"end":{"line":33,"column":null}},"line":18},"1":{"name":"Recommendations","decl":{"start":{"line":35,"column":16},"end":{"line":35,"column":34}},"loc":{"start":{"line":35,"column":34},"end":{"line":103,"column":null}},"line":35},"2":{"name":"(anonymous_2)","decl":{"start":{"line":38,"column":26},"end":{"line":38,"column":32}},"loc":{"start":{"line":38,"column":32},"end":{"line":46,"column":5}},"line":38},"3":{"name":"(anonymous_3)","decl":{"start":{"line":49,"column":4},"end":{"line":49,"column":10}},"loc":{"start":{"line":49,"column":10},"end":{"line":49,"column":null}},"line":49},"4":{"name":"(anonymous_4)","decl":{"start":{"line":49,"column":33},"end":{"line":49,"column":34}},"loc":{"start":{"line":49,"column":45},"end":{"line":49,"column":70}},"line":49},"5":{"name":"(anonymous_5)","decl":{"start":{"line":74,"column":28},"end":{"line":74,"column":29}},"loc":{"start":{"line":75,"column":14},"end":{"line":96,"column":null}},"line":75},"6":{"name":"(anonymous_6)","decl":{"start":{"line":93,"column":38},"end":{"line":93,"column":39}},"loc":{"start":{"line":93,"column":47},"end":{"line":93,"column":81}},"line":93}},"branchMap":{"0":{"loc":{"start":{"line":67,"column":9},"end":{"line":98,"column":null}},"type":"cond-expr","locations":[{"start":{"line":68,"column":10},"end":{"line":71,"column":null}},{"start":{"line":73,"column":10},"end":{"line":98,"column":null}}],"line":67},"1":{"loc":{"start":{"line":88,"column":19},"end":{"line":93,"column":null}},"type":"cond-expr","locations":[{"start":{"line":89,"column":20},"end":{"line":91,"column":null}},{"start":{"line":93,"column":20},"end":{"line":93,"column":null}}],"line":88}},"s":{"0":1,"1":1,"2":16,"3":2,"4":2,"5":2,"6":2,"7":16,"8":2,"9":2,"10":2,"11":16,"12":2,"13":6,"14":16},"f":{"0":16,"1":2,"2":2,"3":2,"4":16,"5":6,"6":16},"b":{"0":[0,2],"1":[0,6]},"meta":{"lastBranch":2,"lastFunction":7,"lastStatement":15,"seen":{"s:10:33:10:Infinity":0,"s:12:49:16:Infinity":1,"f:18:9:18:17":0,"s:19:2:31:Infinity":2,"f:35:16:35:34":1,"s:36:26:36:Infinity":3,"s:38:8:46:Infinity":4,"f:38:26:38:32":2,"s:39:54:43:Infinity":5,"s:44:4:44:Infinity":6,"s:44:37:44:Infinity":7,"s:45:4:45:Infinity":8,"s:48:8:51:Infinity":9,"f:49:4:49:10":3,"s:49:10:49:Infinity":10,"f:49:33:49:34":4,"s:49:45:49:70":11,"s:53:2:101:Infinity":12,"b:68:10:71:Infinity:73:10:98:Infinity":0,"f:74:28:74:29":5,"s:75:14:96:Infinity":13,"b:89:20:91:Infinity:93:20:93:Infinity":1,"f:93:38:93:39":6,"s:93:47:93:81":14},"fnNames":{}}}
,"C:\\Users\\ratho\\Carbon-Footprint-Awareness-Platform\\src\\app\\components\\shared\\EnumSelect.tsx": {"path":"C:\\Users\\ratho\\Carbon-Footprint-Awareness-Platform\\src\\app\\components\\shared\\EnumSelect.tsx","statementMap":{"0":{"start":{"line":25,"column":2},"end":{"line":42,"column":null}},"1":{"start":{"line":30,"column":50},"end":{"line":30,"column":null}},"2":{"start":{"line":36,"column":12},"end":{"line":38,"column":null}}},"fnMap":{"0":{"name":"EnumSelect","decl":{"start":{"line":18,"column":16},"end":{"line":18,"column":45}},"loc":{"start":{"line":24,"column":23},"end":{"line":44,"column":null}},"line":24},"1":{"name":"(anonymous_1)","decl":{"start":{"line":30,"column":43},"end":{"line":30,"column":44}},"loc":{"start":{"line":30,"column":50},"end":{"line":30,"column":null}},"line":30},"2":{"name":"(anonymous_2)","decl":{"start":{"line":35,"column":23},"end":{"line":35,"column":24}},"loc":{"start":{"line":36,"column":12},"end":{"line":38,"column":null}},"line":36}},"branchMap":{},"s":{"0":6,"1":0,"2":28},"f":{"0":6,"1":0,"2":28},"b":{},"meta":{"lastBranch":0,"lastFunction":3,"lastStatement":3,"seen":{"f:18:16:18:45":0,"s:25:2:42:Infinity":0,"f:30:43:30:44":1,"s:30:50:30:Infinity":1,"f:35:23:35:24":2,"s:36:12:38:Infinity":2},"fnNames":{}}}
,"C:\\Users\\ratho\\Carbon-Footprint-Awareness-Platform\\src\\app\\components\\shared\\LabeledSlider.tsx": {"path":"C:\\Users\\ratho\\Carbon-Footprint-Awareness-Platform\\src\\app\\components\\shared\\LabeledSlider.tsx","statementMap":{"0":{"start":{"line":37,"column":23},"end":{"line":37,"column":null}},"1":{"start":{"line":38,"column":21},"end":{"line":38,"column":null}},"2":{"start":{"line":39,"column":21},"end":{"line":39,"column":null}},"3":{"start":{"line":40,"column":22},"end":{"line":40,"column":null}},"4":{"start":{"line":42,"column":17},"end":{"line":45,"column":null}},"5":{"start":{"line":43,"column":17},"end":{"line":43,"column":null}},"6":{"start":{"line":44,"column":4},"end":{"line":44,"column":null}},"7":{"start":{"line":47,"column":2},"end":{"line":80,"column":null}},"8":{"start":{"line":62,"column":29},"end":{"line":62,"column":null}},"9":{"start":{"line":76,"column":33},"end":{"line":76,"column":null}}},"fnMap":{"0":{"name":"LabeledSlider","decl":{"start":{"line":25,"column":16},"end":{"line":25,"column":30}},"loc":{"start":{"line":36,"column":23},"end":{"line":82,"column":null}},"line":36},"1":{"name":"(anonymous_1)","decl":{"start":{"line":42,"column":17},"end":{"line":42,"column":18}},"loc":{"start":{"line":42,"column":34},"end":{"line":45,"column":null}},"line":42},"2":{"name":"(anonymous_2)","decl":{"start":{"line":62,"column":22},"end":{"line":62,"column":23}},"loc":{"start":{"line":62,"column":29},"end":{"line":62,"column":null}},"line":62},"3":{"name":"(anonymous_3)","decl":{"start":{"line":76,"column":23},"end":{"line":76,"column":24}},"loc":{"start":{"line":76,"column":33},"end":{"line":76,"column":null}},"line":76}},"branchMap":{"0":{"loc":{"start":{"line":31,"column":2},"end":{"line":31,"column":null}},"type":"default-arg","locations":[{"start":{"line":31,"column":9},"end":{"line":31,"column":null}}],"line":31},"1":{"loc":{"start":{"line":33,"column":2},"end":{"line":33,"column":null}},"type":"default-arg","locations":[{"start":{"line":33,"column":12},"end":{"line":33,"column":null}}],"line":33},"2":{"loc":{"start":{"line":37,"column":23},"end":{"line":37,"column":null}},"type":"cond-expr","locations":[{"start":{"line":37,"column":33},"end":{"line":37,"column":59}},{"start":{"line":37,"column":59},"end":{"line":37,"column":null}}],"line":37},"3":{"loc":{"start":{"line":38,"column":21},"end":{"line":38,"column":null}},"type":"cond-expr","locations":[{"start":{"line":38,"column":31},"end":{"line":38,"column":37}},{"start":{"line":38,"column":37},"end":{"line":38,"column":null}}],"line":38},"4":{"loc":{"start":{"line":39,"column":21},"end":{"line":39,"column":null}},"type":"cond-expr","locations":[{"start":{"line":39,"column":31},"end":{"line":39,"column":35}},{"start":{"line":39,"column":35},"end":{"line":39,"column":null}}],"line":39},"5":{"loc":{"start":{"line":40,"column":22},"end":{"line":40,"column":null}},"type":"cond-expr","locations":[{"start":{"line":40,"column":32},"end":{"line":40,"column":36}},{"start":{"line":40,"column":36},"end":{"line":40,"column":null}}],"line":40},"6":{"loc":{"start":{"line":43,"column":17},"end":{"line":43,"column":null}},"type":"cond-expr","locations":[{"start":{"line":43,"column":17},"end":{"line":43,"column":71}},{"start":{"line":43,"column":65},"end":{"line":43,"column":null}}],"line":43},"7":{"loc":{"start":{"line":61,"column":19},"end":{"line":61,"column":null}},"type":"cond-expr","locations":[{"start":{"line":61,"column":51},"end":{"line":61,"column":66}},{"start":{"line":61,"column":66},"end":{"line":61,"column":null}}],"line":61},"8":{"loc":{"start":{"line":66,"column":11},"end":{"line":68,"column":null}},"type":"cond-expr","locations":[{"start":{"line":67,"column":12},"end":{"line":67,"column":null}},{"start":{"line":68,"column":14},"end":{"line":68,"column":null}}],"line":66},"9":{"loc":{"start":{"line":76,"column":40},"end":{"line":76,"column":52}},"type":"binary-expr","locations":[{"start":{"line":76,"column":40},"end":{"line":76,"column":51}},{"start":{"line":76,"column":51},"end":{"line":76,"column":52}}],"line":76},"10":{"loc":{"start":{"line":79,"column":7},"end":{"line":79,"column":null}},"type":"cond-expr","locations":[{"start":{"line":79,"column":14},"end":{"line":79,"column":72}},{"start":{"line":79,"column":72},"end":{"line":79,"column":null}}],"line":79}},"s":{"0":18,"1":18,"2":18,"3":18,"4":18,"5":0,"6":0,"7":18,"8":0,"9":0},"f":{"0":18,"1":0,"2":0,"3":0},"b":{"0":[18],"1":[18],"2":[4,14],"3":[4,14],"4":[4,14],"5":[4,14],"6":[0,0],"7":[18,0],"8":[14,4],"9":[0,0],"10":[10,8]},"meta":{"lastBranch":11,"lastFunction":4,"lastStatement":10,"seen":{"f:25:16:25:30":0,"b:31:9:31:Infinity":0,"b:33:12:33:Infinity":1,"s:37:23:37:Infinity":0,"b:37:33:37:59:37:59:37:Infinity":2,"s:38:21:38:Infinity":1,"b:38:31:38:37:38:37:38:Infinity":3,"s:39:21:39:Infinity":2,"b:39:31:39:35:39:35:39:Infinity":4,"s:40:22:40:Infinity":3,"b:40:32:40:36:40:36:40:Infinity":5,"s:42:17:45:Infinity":4,"f:42:17:42:18":1,"s:43:17:43:Infinity":5,"b:43:17:43:71:43:65:43:Infinity":6,"s:44:4:44:Infinity":6,"s:47:2:80:Infinity":7,"b:61:51:61:66:61:66:61:Infinity":7,"f:62:22:62:23":2,"s:62:29:62:Infinity":8,"b:67:12:67:Infinity:68:14:68:Infinity":8,"f:76:23:76:24":3,"s:76:33:76:Infinity":9,"b:76:40:76:51:76:51:76:52":9,"b:79:14:79:72:79:72:79:Infinity":10},"fnNames":{}}}
,"C:\\Users\\ratho\\Carbon-Footprint-Awareness-Platform\\src\\app\\components\\trackers\\DietTracker.tsx": {"path":"C:\\Users\\ratho\\Carbon-Footprint-Awareness-Platform\\src\\app\\components\\trackers\\DietTracker.tsx","statementMap":{"0":{"start":{"line":8,"column":59},"end":{"line":14,"column":null}},"1":{"start":{"line":17,"column":41},"end":{"line":17,"column":null}},"2":{"start":{"line":18,"column":15},"end":{"line":18,"column":null}},"3":{"start":{"line":19,"column":18},"end":{"line":19,"column":null}},"4":{"start":{"line":19,"column":48},"end":{"line":19,"column":69}},"5":{"start":{"line":21,"column":2},"end":{"line":45,"column":null}},"6":{"start":{"line":32,"column":25},"end":{"line":32,"column":null}},"7":{"start":{"line":43,"column":25},"end":{"line":43,"column":null}}},"fnMap":{"0":{"name":"DietTracker","decl":{"start":{"line":16,"column":16},"end":{"line":16,"column":30}},"loc":{"start":{"line":16,"column":30},"end":{"line":47,"column":null}},"line":16},"1":{"name":"(anonymous_1)","decl":{"start":{"line":19,"column":41},"end":{"line":19,"column":42}},"loc":{"start":{"line":19,"column":48},"end":{"line":19,"column":69}},"line":19},"2":{"name":"(anonymous_2)","decl":{"start":{"line":32,"column":18},"end":{"line":32,"column":19}},"loc":{"start":{"line":32,"column":25},"end":{"line":32,"column":null}},"line":32},"3":{"name":"(anonymous_3)","decl":{"start":{"line":43,"column":18},"end":{"line":43,"column":19}},"loc":{"start":{"line":43,"column":25},"end":{"line":43,"column":null}},"line":43}},"branchMap":{"0":{"loc":{"start":{"line":19,"column":18},"end":{"line":19,"column":null}},"type":"binary-expr","locations":[{"start":{"line":19,"column":18},"end":{"line":19,"column":85}},{"start":{"line":19,"column":85},"end":{"line":19,"column":null}}],"line":19}},"s":{"0":1,"1":2,"2":2,"3":2,"4":6,"5":2,"6":0,"7":0},"f":{"0":2,"1":6,"2":0,"3":0},"b":{"0":[2,0]},"meta":{"lastBranch":1,"lastFunction":4,"lastStatement":8,"seen":{"s:8:59:14:Infinity":0,"f:16:16:16:30":0,"s:17:41:17:Infinity":1,"s:18:15:18:Infinity":2,"s:19:18:19:Infinity":3,"b:19:18:19:85:19:85:19:Infinity":0,"f:19:41:19:42":1,"s:19:48:19:69":4,"s:21:2:45:Infinity":5,"f:32:18:32:19":2,"s:32:25:32:Infinity":6,"f:43:18:43:19":3,"s:43:25:43:Infinity":7},"fnNames":{}}}
,"C:\\Users\\ratho\\Carbon-Footprint-Awareness-Platform\\src\\app\\components\\trackers\\EnergyTracker.tsx": {"path":"C:\\Users\\ratho\\Carbon-Footprint-Awareness-Platform\\src\\app\\components\\trackers\\EnergyTracker.tsx","statementMap":{"0":{"start":{"line":9,"column":65},"end":{"line":14,"column":null}},"1":{"start":{"line":16,"column":50},"end":{"line":21,"column":null}},"2":{"start":{"line":24,"column":41},"end":{"line":24,"column":null}},"3":{"start":{"line":25,"column":17},"end":{"line":25,"column":null}},"4":{"start":{"line":26,"column":18},"end":{"line":26,"column":null}},"5":{"start":{"line":26,"column":48},"end":{"line":26,"column":71}},"6":{"start":{"line":28,"column":2},"end":{"line":74,"column":null}},"7":{"start":{"line":43,"column":25},"end":{"line":43,"column":null}},"8":{"start":{"line":53,"column":25},"end":{"line":53,"column":null}},"9":{"start":{"line":61,"column":10},"end":{"line":61,"column":null}},"10":{"start":{"line":72,"column":25},"end":{"line":72,"column":null}}},"fnMap":{"0":{"name":"EnergyTracker","decl":{"start":{"line":23,"column":16},"end":{"line":23,"column":32}},"loc":{"start":{"line":23,"column":32},"end":{"line":76,"column":null}},"line":23},"1":{"name":"(anonymous_1)","decl":{"start":{"line":26,"column":41},"end":{"line":26,"column":42}},"loc":{"start":{"line":26,"column":48},"end":{"line":26,"column":71}},"line":26},"2":{"name":"(anonymous_2)","decl":{"start":{"line":43,"column":18},"end":{"line":43,"column":19}},"loc":{"start":{"line":43,"column":25},"end":{"line":43,"column":null}},"line":43},"3":{"name":"(anonymous_3)","decl":{"start":{"line":53,"column":18},"end":{"line":53,"column":19}},"loc":{"start":{"line":53,"column":25},"end":{"line":53,"column":null}},"line":53},"4":{"name":"(anonymous_4)","decl":{"start":{"line":60,"column":18},"end":{"line":60,"column":19}},"loc":{"start":{"line":61,"column":10},"end":{"line":61,"column":null}},"line":61},"5":{"name":"(anonymous_5)","decl":{"start":{"line":72,"column":18},"end":{"line":72,"column":19}},"loc":{"start":{"line":72,"column":25},"end":{"line":72,"column":null}},"line":72}},"branchMap":{"0":{"loc":{"start":{"line":26,"column":18},"end":{"line":26,"column":null}},"type":"binary-expr","locations":[{"start":{"line":26,"column":18},"end":{"line":26,"column":87}},{"start":{"line":26,"column":87},"end":{"line":26,"column":null}}],"line":26}},"s":{"0":1,"1":1,"2":2,"3":2,"4":2,"5":2,"6":2,"7":0,"8":0,"9":0,"10":0},"f":{"0":2,"1":2,"2":0,"3":0,"4":0,"5":0},"b":{"0":[2,0]},"meta":{"lastBranch":1,"lastFunction":6,"lastStatement":11,"seen":{"s:9:65:14:Infinity":0,"s:16:50:21:Infinity":1,"f:23:16:23:32":0,"s:24:41:24:Infinity":2,"s:25:17:25:Infinity":3,"s:26:18:26:Infinity":4,"b:26:18:26:87:26:87:26:Infinity":0,"f:26:41:26:42":1,"s:26:48:26:71":5,"s:28:2:74:Infinity":6,"f:43:18:43:19":2,"s:43:25:43:Infinity":7,"f:53:18:53:19":3,"s:53:25:53:Infinity":8,"f:60:18:60:19":4,"s:61:10:61:Infinity":9,"f:72:18:72:19":5,"s:72:25:72:Infinity":10},"fnNames":{}}}
,"C:\\Users\\ratho\\Carbon-Footprint-Awareness-Platform\\src\\app\\components\\trackers\\TrackerShell.tsx": {"path":"C:\\Users\\ratho\\Carbon-Footprint-Awareness-Platform\\src\\app\\components\\trackers\\TrackerShell.tsx","statementMap":{"0":{"start":{"line":19,"column":2},"end":{"line":33,"column":null}}},"fnMap":{"0":{"name":"TrackerShell","decl":{"start":{"line":13,"column":16},"end":{"line":13,"column":29}},"loc":{"start":{"line":18,"column":22},"end":{"line":35,"column":null}},"line":18}},"branchMap":{},"s":{"0":8},"f":{"0":8},"b":{},"meta":{"lastBranch":0,"lastFunction":1,"lastStatement":1,"seen":{"f:13:16:13:29":0,"s:19:2:33:Infinity":0},"fnNames":{}}}
,"C:\\Users\\ratho\\Carbon-Footprint-Awareness-Platform\\src\\app\\components\\trackers\\TransportTracker.tsx": {"path":"C:\\Users\\ratho\\Carbon-Footprint-Awareness-Platform\\src\\app\\components\\trackers\\TransportTracker.tsx","statementMap":{"0":{"start":{"line":14,"column":57},"end":{"line":20,"column":null}},"1":{"start":{"line":23,"column":41},"end":{"line":23,"column":null}},"2":{"start":{"line":24,"column":12},"end":{"line":24,"column":null}},"3":{"start":{"line":25,"column":30},"end":{"line":25,"column":null}},"4":{"start":{"line":26,"column":18},"end":{"line":26,"column":null}},"5":{"start":{"line":26,"column":48},"end":{"line":26,"column":74}},"6":{"start":{"line":27,"column":17},"end":{"line":27,"column":null}},"7":{"start":{"line":28,"column":18},"end":{"line":28,"column":null}},"8":{"start":{"line":30,"column":2},"end":{"line":129,"column":null}},"9":{"start":{"line":41,"column":25},"end":{"line":41,"column":null}},"10":{"start":{"line":53,"column":29},"end":{"line":53,"column":null}},"11":{"start":{"line":64,"column":29},"end":{"line":64,"column":null}},"12":{"start":{"line":76,"column":25},"end":{"line":76,"column":null}},"13":{"start":{"line":95,"column":29},"end":{"line":95,"column":null}},"14":{"start":{"line":105,"column":29},"end":{"line":105,"column":null}},"15":{"start":{"line":115,"column":29},"end":{"line":115,"column":null}},"16":{"start":{"line":125,"column":29},"end":{"line":125,"column":null}}},"fnMap":{"0":{"name":"TransportTracker","decl":{"start":{"line":22,"column":16},"end":{"line":22,"column":35}},"loc":{"start":{"line":22,"column":35},"end":{"line":131,"column":null}},"line":22},"1":{"name":"(anonymous_1)","decl":{"start":{"line":26,"column":41},"end":{"line":26,"column":42}},"loc":{"start":{"line":26,"column":48},"end":{"line":26,"column":74}},"line":26},"2":{"name":"(anonymous_2)","decl":{"start":{"line":41,"column":18},"end":{"line":41,"column":19}},"loc":{"start":{"line":41,"column":25},"end":{"line":41,"column":null}},"line":41},"3":{"name":"(anonymous_3)","decl":{"start":{"line":53,"column":22},"end":{"line":53,"column":23}},"loc":{"start":{"line":53,"column":29},"end":{"line":53,"column":null}},"line":53},"4":{"name":"(anonymous_4)","decl":{"start":{"line":64,"column":22},"end":{"line":64,"column":23}},"loc":{"start":{"line":64,"column":29},"end":{"line":64,"column":null}},"line":64},"5":{"name":"(anonymous_5)","decl":{"start":{"line":76,"column":18},"end":{"line":76,"column":19}},"loc":{"start":{"line":76,"column":25},"end":{"line":76,"column":null}},"line":76},"6":{"name":"(anonymous_6)","decl":{"start":{"line":95,"column":22},"end":{"line":95,"column":23}},"loc":{"start":{"line":95,"column":29},"end":{"line":95,"column":null}},"line":95},"7":{"name":"(anonymous_7)","decl":{"start":{"line":105,"column":22},"end":{"line":105,"column":23}},"loc":{"start":{"line":105,"column":29},"end":{"line":105,"column":null}},"line":105},"8":{"name":"(anonymous_8)","decl":{"start":{"line":115,"column":22},"end":{"line":115,"column":23}},"loc":{"start":{"line":115,"column":29},"end":{"line":115,"column":null}},"line":115},"9":{"name":"(anonymous_9)","decl":{"start":{"line":125,"column":22},"end":{"line":125,"column":23}},"loc":{"start":{"line":125,"column":29},"end":{"line":125,"column":null}},"line":125}},"branchMap":{"0":{"loc":{"start":{"line":26,"column":18},"end":{"line":26,"column":null}},"type":"binary-expr","locations":[{"start":{"line":26,"column":18},"end":{"line":26,"column":90}},{"start":{"line":26,"column":90},"end":{"line":26,"column":null}}],"line":26},"1":{"loc":{"start":{"line":28,"column":18},"end":{"line":28,"column":null}},"type":"cond-expr","locations":[{"start":{"line":28,"column":39},"end":{"line":28,"column":50}},{"start":{"line":28,"column":50},"end":{"line":28,"column":null}}],"line":28},"2":{"loc":{"start":{"line":43,"column":7},"end":{"line":67,"column":null}},"type":"cond-expr","locations":[{"start":{"line":44,"column":8},"end":{"line":66,"column":null}},{"start":{"line":67,"column":10},"end":{"line":67,"column":null}}],"line":43},"3":{"loc":{"start":{"line":83,"column":54},"end":{"line":83,"column":82}},"type":"cond-expr","locations":[{"start":{"line":83,"column":65},"end":{"line":83,"column":80}},{"start":{"line":83,"column":80},"end":{"line":83,"column":82}}],"line":83}},"s":{"0":1,"1":2,"2":2,"3":2,"4":2,"5":4,"6":2,"7":2,"8":2,"9":0,"10":0,"11":0,"12":0,"13":0,"14":0,"15":0,"16":0},"f":{"0":2,"1":4,"2":0,"3":0,"4":0,"5":0,"6":0,"7":0,"8":0,"9":0},"b":{"0":[2,0],"1":[0,2],"2":[2,0],"3":[0,2]},"meta":{"lastBranch":4,"lastFunction":10,"lastStatement":17,"seen":{"s:14:57:20:Infinity":0,"f:22:16:22:35":0,"s:23:41:23:Infinity":1,"s:24:12:24:Infinity":2,"s:25:30:25:Infinity":3,"s:26:18:26:Infinity":4,"b:26:18:26:90:26:90:26:Infinity":0,"f:26:41:26:42":1,"s:26:48:26:74":5,"s:27:17:27:Infinity":6,"s:28:18:28:Infinity":7,"b:28:39:28:50:28:50:28:Infinity":1,"s:30:2:129:Infinity":8,"f:41:18:41:19":2,"s:41:25:41:Infinity":9,"b:44:8:66:Infinity:67:10:67:Infinity":2,"f:53:22:53:23":3,"s:53:29:53:Infinity":10,"f:64:22:64:23":4,"s:64:29:64:Infinity":11,"f:76:18:76:19":5,"s:76:25:76:Infinity":12,"b:83:65:83:80:83:80:83:82":3,"f:95:22:95:23":6,"s:95:29:95:Infinity":13,"f:105:22:105:23":7,"s:105:29:105:Infinity":14,"f:115:22:115:23":8,"s:115:29:115:Infinity":15,"f:125:22:125:23":9,"s:125:29:125:Infinity":16},"fnNames":{}}}
,"C:\\Users\\ratho\\Carbon-Footprint-Awareness-Platform\\src\\app\\components\\trackers\\WasteTracker.tsx": {"path":"C:\\Users\\ratho\\Carbon-Footprint-Awareness-Platform\\src\\app\\components\\trackers\\WasteTracker.tsx","statementMap":{"0":{"start":{"line":7,"column":41},"end":{"line":7,"column":null}},"1":{"start":{"line":8,"column":16},"end":{"line":8,"column":null}},"2":{"start":{"line":9,"column":18},"end":{"line":9,"column":null}},"3":{"start":{"line":9,"column":48},"end":{"line":9,"column":70}},"4":{"start":{"line":11,"column":2},"end":{"line":37,"column":null}},"5":{"start":{"line":25,"column":25},"end":{"line":25,"column":null}},"6":{"start":{"line":35,"column":25},"end":{"line":35,"column":null}}},"fnMap":{"0":{"name":"WasteTracker","decl":{"start":{"line":6,"column":16},"end":{"line":6,"column":31}},"loc":{"start":{"line":6,"column":31},"end":{"line":39,"column":null}},"line":6},"1":{"name":"(anonymous_1)","decl":{"start":{"line":9,"column":41},"end":{"line":9,"column":42}},"loc":{"start":{"line":9,"column":48},"end":{"line":9,"column":70}},"line":9},"2":{"name":"(anonymous_2)","decl":{"start":{"line":25,"column":18},"end":{"line":25,"column":19}},"loc":{"start":{"line":25,"column":25},"end":{"line":25,"column":null}},"line":25},"3":{"name":"(anonymous_3)","decl":{"start":{"line":35,"column":18},"end":{"line":35,"column":19}},"loc":{"start":{"line":35,"column":25},"end":{"line":35,"column":null}},"line":35}},"branchMap":{"0":{"loc":{"start":{"line":9,"column":18},"end":{"line":9,"column":null}},"type":"binary-expr","locations":[{"start":{"line":9,"column":18},"end":{"line":9,"column":86}},{"start":{"line":9,"column":86},"end":{"line":9,"column":null}}],"line":9}},"s":{"0":2,"1":2,"2":2,"3":8,"4":2,"5":0,"6":0},"f":{"0":2,"1":8,"2":0,"3":0},"b":{"0":[2,0]},"meta":{"lastBranch":1,"lastFunction":4,"lastStatement":7,"seen":{"f:6:16:6:31":0,"s:7:41:7:Infinity":0,"s:8:16:8:Infinity":1,"s:9:18:9:Infinity":2,"b:9:18:9:86:9:86:9:Infinity":0,"f:9:41:9:42":1,"s:9:48:9:70":3,"s:11:2:37:Infinity":4,"f:25:18:25:19":2,"s:25:25:25:Infinity":5,"f:35:18:35:19":3,"s:35:25:35:Infinity":6},"fnNames":{}}}
,"C:\\Users\\ratho\\Carbon-Footprint-Awareness-Platform\\src\\app\\components\\ui\\badge.tsx": {"path":"C:\\Users\\ratho\\Carbon-Footprint-Awareness-Platform\\src\\app\\components\\ui\\badge.tsx","statementMap":{"0":{"start":{"line":7,"column":6},"end":{"line":26,"column":null}},"1":{"start":{"line":35,"column":15},"end":{"line":35,"column":null}},"2":{"start":{"line":37,"column":2},"end":{"line":42,"column":null}}},"fnMap":{"0":{"name":"Badge","decl":{"start":{"line":28,"column":9},"end":{"line":28,"column":15}},"loc":{"start":{"line":34,"column":62},"end":{"line":44,"column":null}},"line":34}},"branchMap":{"0":{"loc":{"start":{"line":31,"column":2},"end":{"line":31,"column":null}},"type":"default-arg","locations":[{"start":{"line":31,"column":12},"end":{"line":31,"column":null}}],"line":31},"1":{"loc":{"start":{"line":35,"column":15},"end":{"line":35,"column":null}},"type":"cond-expr","locations":[{"start":{"line":35,"column":25},"end":{"line":35,"column":32}},{"start":{"line":35,"column":32},"end":{"line":35,"column":null}}],"line":35}},"s":{"0":1,"1":26,"2":26},"f":{"0":26},"b":{"0":[26],"1":[0,26]},"meta":{"lastBranch":2,"lastFunction":1,"lastStatement":3,"seen":{"s:7:6:26:Infinity":0,"f:28:9:28:15":0,"b:31:12:31:Infinity":0,"s:35:15:35:Infinity":1,"b:35:25:35:32:35:32:35:Infinity":1,"s:37:2:42:Infinity":2},"fnNames":{}}}
,"C:\\Users\\ratho\\Carbon-Footprint-Awareness-Platform\\src\\app\\components\\ui\\button.tsx": {"path":"C:\\Users\\ratho\\Carbon-Footprint-Awareness-Platform\\src\\app\\components\\ui\\button.tsx","statementMap":{"0":{"start":{"line":7,"column":6},"end":{"line":35,"column":null}},"1":{"start":{"line":47,"column":15},"end":{"line":47,"column":null}},"2":{"start":{"line":49,"column":2},"end":{"line":54,"column":null}}},"fnMap":{"0":{"name":"Button","decl":{"start":{"line":37,"column":9},"end":{"line":37,"column":16}},"loc":{"start":{"line":46,"column":5},"end":{"line":56,"column":null}},"line":46}},"branchMap":{"0":{"loc":{"start":{"line":41,"column":2},"end":{"line":41,"column":null}},"type":"default-arg","locations":[{"start":{"line":41,"column":12},"end":{"line":41,"column":null}}],"line":41},"1":{"loc":{"start":{"line":47,"column":15},"end":{"line":47,"column":null}},"type":"cond-expr","locations":[{"start":{"line":47,"column":25},"end":{"line":47,"column":32}},{"start":{"line":47,"column":32},"end":{"line":47,"column":null}}],"line":47}},"s":{"0":1,"1":2,"2":2},"f":{"0":2},"b":{"0":[2],"1":[0,2]},"meta":{"lastBranch":2,"lastFunction":1,"lastStatement":3,"seen":{"s:7:6:35:Infinity":0,"f:37:9:37:16":0,"b:41:12:41:Infinity":0,"s:47:15:47:Infinity":1,"b:47:25:47:32:47:32:47:Infinity":1,"s:49:2:54:Infinity":2},"fnNames":{}}}
,"C:\\Users\\ratho\\Carbon-Footprint-Awareness-Platform\\src\\app\\components\\ui\\card.tsx": {"path":"C:\\Users\\ratho\\Carbon-Footprint-Awareness-Platform\\src\\app\\components\\ui\\card.tsx","statementMap":{"0":{"start":{"line":6,"column":2},"end":{"line":14,"column":null}},"1":{"start":{"line":19,"column":2},"end":{"line":27,"column":null}},"2":{"start":{"line":32,"column":2},"end":{"line":37,"column":null}},"3":{"start":{"line":42,"column":2},"end":{"line":47,"column":null}},"4":{"start":{"line":52,"column":2},"end":{"line":60,"column":null}},"5":{"start":{"line":65,"column":2},"end":{"line":70,"column":null}},"6":{"start":{"line":75,"column":2},"end":{"line":80,"column":null}}},"fnMap":{"0":{"name":"Card","decl":{"start":{"line":5,"column":9},"end":{"line":5,"column":14}},"loc":{"start":{"line":5,"column":68},"end":{"line":16,"column":null}},"line":5},"1":{"name":"CardHeader","decl":{"start":{"line":18,"column":9},"end":{"line":18,"column":20}},"loc":{"start":{"line":18,"column":74},"end":{"line":29,"column":null}},"line":18},"2":{"name":"CardTitle","decl":{"start":{"line":31,"column":9},"end":{"line":31,"column":19}},"loc":{"start":{"line":31,"column":73},"end":{"line":39,"column":null}},"line":31},"3":{"name":"CardDescription","decl":{"start":{"line":41,"column":9},"end":{"line":41,"column":25}},"loc":{"start":{"line":41,"column":79},"end":{"line":49,"column":null}},"line":41},"4":{"name":"CardAction","decl":{"start":{"line":51,"column":9},"end":{"line":51,"column":20}},"loc":{"start":{"line":51,"column":74},"end":{"line":62,"column":null}},"line":51},"5":{"name":"CardContent","decl":{"start":{"line":64,"column":9},"end":{"line":64,"column":21}},"loc":{"start":{"line":64,"column":75},"end":{"line":72,"column":null}},"line":64},"6":{"name":"CardFooter","decl":{"start":{"line":74,"column":9},"end":{"line":74,"column":20}},"loc":{"start":{"line":74,"column":74},"end":{"line":82,"column":null}},"line":74}},"branchMap":{},"s":{"0":18,"1":10,"2":10,"3":0,"4":0,"5":18,"6":0},"f":{"0":18,"1":10,"2":10,"3":0,"4":0,"5":18,"6":0},"b":{},"meta":{"lastBranch":0,"lastFunction":7,"lastStatement":7,"seen":{"f:5:9:5:14":0,"s:6:2:14:Infinity":0,"f:18:9:18:20":1,"s:19:2:27:Infinity":1,"f:31:9:31:19":2,"s:32:2:37:Infinity":2,"f:41:9:41:25":3,"s:42:2:47:Infinity":3,"f:51:9:51:20":4,"s:52:2:60:Infinity":4,"f:64:9:64:21":5,"s:65:2:70:Infinity":5,"f:74:9:74:20":6,"s:75:2:80:Infinity":6},"fnNames":{}}}
,"C:\\Users\\ratho\\Carbon-Footprint-Awareness-Platform\\src\\app\\components\\ui\\collapsible.tsx": {"path":"C:\\Users\\ratho\\Carbon-Footprint-Awareness-Platform\\src\\app\\components\\ui\\collapsible.tsx","statementMap":{"0":{"start":{"line":3,"column":0},"end":{"line":3,"column":null}},"1":{"start":{"line":8,"column":2},"end":{"line":8,"column":null}},"2":{"start":{"line":14,"column":2},"end":{"line":18,"column":null}},"3":{"start":{"line":25,"column":2},"end":{"line":29,"column":null}}},"fnMap":{"0":{"name":"Collapsible","decl":{"start":{"line":5,"column":9},"end":{"line":5,"column":21}},"loc":{"start":{"line":7,"column":59},"end":{"line":9,"column":null}},"line":7},"1":{"name":"CollapsibleTrigger","decl":{"start":{"line":11,"column":9},"end":{"line":11,"column":28}},"loc":{"start":{"line":13,"column":73},"end":{"line":20,"column":null}},"line":13},"2":{"name":"CollapsibleContent","decl":{"start":{"line":22,"column":9},"end":{"line":22,"column":28}},"loc":{"start":{"line":24,"column":73},"end":{"line":31,"column":null}},"line":24}},"branchMap":{},"s":{"0":1,"1":2,"2":2,"3":2},"f":{"0":2,"1":2,"2":2},"b":{},"meta":{"lastBranch":0,"lastFunction":3,"lastStatement":4,"seen":{"s:3:0:3:Infinity":0,"f:5:9:5:21":0,"s:8:2:8:Infinity":1,"f:11:9:11:28":1,"s:14:2:18:Infinity":2,"f:22:9:22:28":2,"s:25:2:29:Infinity":3},"fnNames":{}}}
,"C:\\Users\\ratho\\Carbon-Footprint-Awareness-Platform\\src\\app\\components\\ui\\input.tsx": {"path":"C:\\Users\\ratho\\Carbon-Footprint-Awareness-Platform\\src\\app\\components\\ui\\input.tsx","statementMap":{"0":{"start":{"line":6,"column":2},"end":{"line":17,"column":null}}},"fnMap":{"0":{"name":"Input","decl":{"start":{"line":5,"column":9},"end":{"line":5,"column":15}},"loc":{"start":{"line":5,"column":77},"end":{"line":19,"column":null}},"line":5}},"branchMap":{},"s":{"0":18},"f":{"0":18},"b":{},"meta":{"lastBranch":0,"lastFunction":1,"lastStatement":1,"seen":{"f:5:9:5:15":0,"s:6:2:17:Infinity":0},"fnNames":{}}}
,"C:\\Users\\ratho\\Carbon-Footprint-Awareness-Platform\\src\\app\\components\\ui\\label.tsx": {"path":"C:\\Users\\ratho\\Carbon-Footprint-Awareness-Platform\\src\\app\\components\\ui\\label.tsx","statementMap":{"0":{"start":{"line":6,"column":0},"end":{"line":6,"column":null}},"1":{"start":{"line":12,"column":2},"end":{"line":20,"column":null}}},"fnMap":{"0":{"name":"Label","decl":{"start":{"line":8,"column":9},"end":{"line":8,"column":15}},"loc":{"start":{"line":11,"column":53},"end":{"line":22,"column":null}},"line":11}},"branchMap":{},"s":{"0":1,"1":24},"f":{"0":24},"b":{},"meta":{"lastBranch":0,"lastFunction":1,"lastStatement":2,"seen":{"s:6:0:6:Infinity":0,"f:8:9:8:15":0,"s:12:2:20:Infinity":1},"fnNames":{}}}
,"C:\\Users\\ratho\\Carbon-Footprint-Awareness-Platform\\src\\app\\components\\ui\\select.tsx": {"path":"C:\\Users\\ratho\\Carbon-Footprint-Awareness-Platform\\src\\app\\components\\ui\\select.tsx","statementMap":{"0":{"start":{"line":11,"column":0},"end":{"line":11,"column":null}},"1":{"start":{"line":16,"column":2},"end":{"line":16,"column":null}},"2":{"start":{"line":22,"column":2},"end":{"line":22,"column":null}},"3":{"start":{"line":28,"column":2},"end":{"line":28,"column":null}},"4":{"start":{"line":39,"column":2},"end":{"line":53,"column":null}},"5":{"start":{"line":63,"column":2},"end":{"line":88,"column":null}},"6":{"start":{"line":96,"column":2},"end":{"line":101,"column":null}},"7":{"start":{"line":110,"column":2},"end":{"line":125,"column":null}},"8":{"start":{"line":133,"column":2},"end":{"line":138,"column":null}},"9":{"start":{"line":146,"column":2},"end":{"line":156,"column":null}},"10":{"start":{"line":164,"column":2},"end":{"line":174,"column":null}}},"fnMap":{"0":{"name":"Select","decl":{"start":{"line":13,"column":9},"end":{"line":13,"column":16}},"loc":{"start":{"line":15,"column":54},"end":{"line":17,"column":null}},"line":15},"1":{"name":"SelectGroup","decl":{"start":{"line":19,"column":9},"end":{"line":19,"column":21}},"loc":{"start":{"line":21,"column":55},"end":{"line":23,"column":null}},"line":21},"2":{"name":"SelectValue","decl":{"start":{"line":25,"column":9},"end":{"line":25,"column":21}},"loc":{"start":{"line":27,"column":55},"end":{"line":29,"column":null}},"line":27},"3":{"name":"SelectTrigger","decl":{"start":{"line":31,"column":9},"end":{"line":31,"column":23}},"loc":{"start":{"line":38,"column":3},"end":{"line":55,"column":null}},"line":38},"4":{"name":"SelectContent","decl":{"start":{"line":57,"column":9},"end":{"line":57,"column":23}},"loc":{"start":{"line":62,"column":57},"end":{"line":90,"column":null}},"line":62},"5":{"name":"SelectLabel","decl":{"start":{"line":92,"column":9},"end":{"line":92,"column":21}},"loc":{"start":{"line":95,"column":55},"end":{"line":103,"column":null}},"line":95},"6":{"name":"SelectItem","decl":{"start":{"line":105,"column":9},"end":{"line":105,"column":20}},"loc":{"start":{"line":109,"column":54},"end":{"line":127,"column":null}},"line":109},"7":{"name":"SelectSeparator","decl":{"start":{"line":129,"column":9},"end":{"line":129,"column":25}},"loc":{"start":{"line":132,"column":59},"end":{"line":140,"column":null}},"line":132},"8":{"name":"SelectScrollUpButton","decl":{"start":{"line":142,"column":9},"end":{"line":142,"column":30}},"loc":{"start":{"line":145,"column":64},"end":{"line":158,"column":null}},"line":145},"9":{"name":"SelectScrollDownButton","decl":{"start":{"line":160,"column":9},"end":{"line":160,"column":32}},"loc":{"start":{"line":163,"column":66},"end":{"line":176,"column":null}},"line":163}},"branchMap":{"0":{"loc":{"start":{"line":33,"column":2},"end":{"line":33,"column":null}},"type":"default-arg","locations":[{"start":{"line":33,"column":9},"end":{"line":33,"column":null}}],"line":33},"1":{"loc":{"start":{"line":60,"column":2},"end":{"line":60,"column":null}},"type":"default-arg","locations":[{"start":{"line":60,"column":13},"end":{"line":60,"column":null}}],"line":60},"2":{"loc":{"start":{"line":69,"column":10},"end":{"line":70,"column":null}},"type":"binary-expr","locations":[{"start":{"line":69,"column":10},"end":{"line":69,"column":null}},{"start":{"line":70,"column":12},"end":{"line":70,"column":null}}],"line":69},"3":{"loc":{"start":{"line":80,"column":12},"end":{"line":81,"column":null}},"type":"binary-expr","locations":[{"start":{"line":80,"column":12},"end":{"line":80,"column":null}},{"start":{"line":81,"column":14},"end":{"line":81,"column":null}}],"line":80}},"s":{"0":1,"1":6,"2":0,"3":6,"4":6,"5":6,"6":0,"7":28,"8":0,"9":6,"10":6},"f":{"0":6,"1":0,"2":6,"3":6,"4":6,"5":0,"6":28,"7":0,"8":6,"9":6},"b":{"0":[6],"1":[6],"2":[6,6],"3":[6,6]},"meta":{"lastBranch":4,"lastFunction":10,"lastStatement":11,"seen":{"s:11:0:11:Infinity":0,"f:13:9:13:16":0,"s:16:2:16:Infinity":1,"f:19:9:19:21":1,"s:22:2:22:Infinity":2,"f:25:9:25:21":2,"s:28:2:28:Infinity":3,"f:31:9:31:23":3,"b:33:9:33:Infinity":0,"s:39:2:53:Infinity":4,"f:57:9:57:23":4,"b:60:13:60:Infinity":1,"s:63:2:88:Infinity":5,"b:69:10:69:Infinity:70:12:70:Infinity":2,"b:80:12:80:Infinity:81:14:81:Infinity":3,"f:92:9:92:21":5,"s:96:2:101:Infinity":6,"f:105:9:105:20":6,"s:110:2:125:Infinity":7,"f:129:9:129:25":7,"s:133:2:138:Infinity":8,"f:142:9:142:30":8,"s:146:2:156:Infinity":9,"f:160:9:160:32":9,"s:164:2:174:Infinity":10},"fnNames":{}}}
,"C:\\Users\\ratho\\Carbon-Footprint-Awareness-Platform\\src\\app\\components\\ui\\slider.tsx": {"path":"C:\\Users\\ratho\\Carbon-Footprint-Awareness-Platform\\src\\app\\components\\ui\\slider.tsx","statementMap":{"0":{"start":{"line":6,"column":0},"end":{"line":6,"column":null}},"1":{"start":{"line":16,"column":18},"end":{"line":24,"column":null}},"2":{"start":{"line":18,"column":6},"end":{"line":22,"column":null}},"3":{"start":{"line":26,"column":2},"end":{"line":59,"column":null}},"4":{"start":{"line":53,"column":8},"end":{"line":57,"column":null}}},"fnMap":{"0":{"name":"Slider","decl":{"start":{"line":8,"column":9},"end":{"line":8,"column":16}},"loc":{"start":{"line":15,"column":54},"end":{"line":61,"column":null}},"line":15},"1":{"name":"(anonymous_1)","decl":{"start":{"line":17,"column":4},"end":{"line":17,"column":null}},"loc":{"start":{"line":18,"column":6},"end":{"line":22,"column":null}},"line":18},"2":{"name":"(anonymous_2)","decl":{"start":{"line":52,"column":46},"end":{"line":52,"column":47}},"loc":{"start":{"line":53,"column":8},"end":{"line":57,"column":null}},"line":53}},"branchMap":{"0":{"loc":{"start":{"line":12,"column":2},"end":{"line":12,"column":null}},"type":"default-arg","locations":[{"start":{"line":12,"column":8},"end":{"line":12,"column":null}}],"line":12},"1":{"loc":{"start":{"line":13,"column":2},"end":{"line":13,"column":null}},"type":"default-arg","locations":[{"start":{"line":13,"column":8},"end":{"line":13,"column":null}}],"line":13},"2":{"loc":{"start":{"line":18,"column":6},"end":{"line":22,"column":null}},"type":"cond-expr","locations":[{"start":{"line":19,"column":10},"end":{"line":19,"column":null}},{"start":{"line":20,"column":10},"end":{"line":22,"column":null}}],"line":18},"3":{"loc":{"start":{"line":20,"column":10},"end":{"line":22,"column":null}},"type":"cond-expr","locations":[{"start":{"line":21,"column":12},"end":{"line":21,"column":null}},{"start":{"line":22,"column":12},"end":{"line":22,"column":null}}],"line":20}},"s":{"0":1,"1":18,"2":18,"3":18,"4":18},"f":{"0":18,"1":18,"2":18},"b":{"0":[18],"1":[18],"2":[18,0],"3":[0,0]},"meta":{"lastBranch":4,"lastFunction":3,"lastStatement":5,"seen":{"s:6:0:6:Infinity":0,"f:8:9:8:16":0,"b:12:8:12:Infinity":0,"b:13:8:13:Infinity":1,"s:16:18:24:Infinity":1,"f:17:4:17:Infinity":1,"s:18:6:22:Infinity":2,"b:19:10:19:Infinity:20:10:22:Infinity":2,"b:21:12:21:Infinity:22:12:22:Infinity":3,"s:26:2:59:Infinity":3,"f:52:46:52:47":2,"s:53:8:57:Infinity":4},"fnNames":{}}}
,"C:\\Users\\ratho\\Carbon-Footprint-Awareness-Platform\\src\\app\\components\\ui\\utils.ts": {"path":"C:\\Users\\ratho\\Carbon-Footprint-Awareness-Platform\\src\\app\\components\\ui\\utils.ts","statementMap":{"0":{"start":{"line":5,"column":2},"end":{"line":5,"column":null}}},"fnMap":{"0":{"name":"cn","decl":{"start":{"line":4,"column":16},"end":{"line":4,"column":22}},"loc":{"start":{"line":4,"column":44},"end":{"line":6,"column":null}},"line":4}},"branchMap":{},"s":{"0":238},"f":{"0":238},"b":{},"meta":{"lastBranch":0,"lastFunction":1,"lastStatement":1,"seen":{"f:4:16:4:22":0,"s:5:2:5:Infinity":0},"fnNames":{}}}
,"C:\\Users\\ratho\\Carbon-Footprint-Awareness-Platform\\src\\app\\context\\FootprintContext.tsx": {"path":"C:\\Users\\ratho\\Carbon-Footprint-Awareness-Platform\\src\\app\\context\\FootprintContext.tsx","statementMap":{"0":{"start":{"line":37,"column":6},"end":{"line":37,"column":null}},"1":{"start":{"line":40,"column":28},"end":{"line":40,"column":null}},"2":{"start":{"line":42,"column":8},"end":{"line":50,"column":null}},"3":{"start":{"line":44,"column":6},"end":{"line":47,"column":null}},"4":{"start":{"line":44,"column":28},"end":{"line":47,"column":8}},"5":{"start":{"line":52,"column":8},"end":{"line":52,"column":null}},"6":{"start":{"line":52,"column":34},"end":{"line":52,"column":80}},"7":{"start":{"line":55,"column":8},"end":{"line":55,"column":null}},"8":{"start":{"line":55,"column":25},"end":{"line":55,"column":60}},"9":{"start":{"line":56,"column":8},"end":{"line":59,"column":null}},"10":{"start":{"line":57,"column":4},"end":{"line":57,"column":null}},"11":{"start":{"line":61,"column":8},"end":{"line":71,"column":null}},"12":{"start":{"line":62,"column":11},"end":{"line":69,"column":null}},"13":{"start":{"line":73,"column":2},"end":{"line":76,"column":null}},"14":{"start":{"line":81,"column":8},"end":{"line":81,"column":null}},"15":{"start":{"line":82,"column":2},"end":{"line":84,"column":null}},"16":{"start":{"line":83,"column":4},"end":{"line":83,"column":null}},"17":{"start":{"line":85,"column":2},"end":{"line":85,"column":null}}},"fnMap":{"0":{"name":"FootprintProvider","decl":{"start":{"line":39,"column":16},"end":{"line":39,"column":34}},"loc":{"start":{"line":39,"column":73},"end":{"line":78,"column":null}},"line":39},"1":{"name":"(anonymous_1)","decl":{"start":{"line":43,"column":4},"end":{"line":43,"column":24}},"loc":{"start":{"line":43,"column":76},"end":{"line":48,"column":null}},"line":43},"2":{"name":"(anonymous_2)","decl":{"start":{"line":44,"column":17},"end":{"line":44,"column":18}},"loc":{"start":{"line":44,"column":28},"end":{"line":47,"column":8}},"line":44},"3":{"name":"(anonymous_3)","decl":{"start":{"line":52,"column":28},"end":{"line":52,"column":34}},"loc":{"start":{"line":52,"column":34},"end":{"line":52,"column":80}},"line":52},"4":{"name":"(anonymous_4)","decl":{"start":{"line":55,"column":25},"end":{"line":55,"column":31}},"loc":{"start":{"line":55,"column":25},"end":{"line":55,"column":60}},"line":55},"5":{"name":"(anonymous_5)","decl":{"start":{"line":57,"column":4},"end":{"line":57,"column":10}},"loc":{"start":{"line":57,"column":4},"end":{"line":57,"column":null}},"line":57},"6":{"name":"(anonymous_6)","decl":{"start":{"line":62,"column":4},"end":{"line":62,"column":11}},"loc":{"start":{"line":62,"column":11},"end":{"line":69,"column":null}},"line":62},"7":{"name":"useFootprint","decl":{"start":{"line":80,"column":16},"end":{"line":80,"column":54}},"loc":{"start":{"line":80,"column":54},"end":{"line":86,"column":null}},"line":80}},"branchMap":{"0":{"loc":{"start":{"line":82,"column":2},"end":{"line":84,"column":null}},"type":"if","locations":[{"start":{"line":82,"column":2},"end":{"line":84,"column":null}},{"start":{},"end":{}}],"line":82}},"s":{"0":1,"1":2,"2":2,"3":0,"4":0,"5":2,"6":0,"7":2,"8":2,"9":2,"10":2,"11":2,"12":2,"13":2,"14":14,"15":14,"16":0,"17":14},"f":{"0":2,"1":0,"2":0,"3":0,"4":2,"5":2,"6":2,"7":14},"b":{"0":[0,14]},"meta":{"lastBranch":1,"lastFunction":8,"lastStatement":18,"seen":{"s:37:6:37:Infinity":0,"f:39:16:39:34":0,"s:40:28:40:Infinity":1,"s:42:8:50:Infinity":2,"f:43:4:43:24":1,"s:44:6:47:Infinity":3,"f:44:17:44:18":2,"s:44:28:47:8":4,"s:52:8:52:Infinity":5,"f:52:28:52:34":3,"s:52:34:52:80":6,"s:55:8:55:Infinity":7,"f:55:25:55:31":4,"s:55:25:55:60":8,"s:56:8:59:Infinity":9,"f:57:4:57:10":5,"s:57:4:57:Infinity":10,"s:61:8:71:Infinity":11,"f:62:4:62:11":6,"s:62:11:69:Infinity":12,"s:73:2:76:Infinity":13,"f:80:16:80:54":7,"s:81:8:81:Infinity":14,"b:82:2:84:Infinity:undefined:undefined:undefined:undefined":0,"s:82:2:84:Infinity":15,"s:83:4:83:Infinity":16,"s:85:2:85:Infinity":17},"fnNames":{}}}
,"C:\\Users\\ratho\\Carbon-Footprint-Awareness-Platform\\src\\utils\\baseline.ts": {"path":"C:\\Users\\ratho\\Carbon-Footprint-Awareness-Platform\\src\\utils\\baseline.ts","statementMap":{"0":{"start":{"line":10,"column":50},"end":{"line":35,"column":null}},"1":{"start":{"line":38,"column":49},"end":{"line":38,"column":null}},"2":{"start":{"line":41,"column":13},"end":{"line":41,"column":null}}},"fnMap":{},"branchMap":{},"s":{"0":2,"1":2,"2":2},"f":{},"b":{},"meta":{"lastBranch":0,"lastFunction":0,"lastStatement":3,"seen":{"s:10:50:35:Infinity":0,"s:38:49:38:Infinity":1,"s:41:13:41:Infinity":2},"fnNames":{}}}
,"C:\\Users\\ratho\\Carbon-Footprint-Awareness-Platform\\src\\utils\\emissionFactors.ts": {"path":"C:\\Users\\ratho\\Carbon-Footprint-Awareness-Platform\\src\\utils\\emissionFactors.ts","statementMap":{"0":{"start":{"line":22,"column":31},"end":{"line":22,"column":null}},"1":{"start":{"line":23,"column":30},"end":{"line":23,"column":null}},"2":{"start":{"line":24,"column":31},"end":{"line":24,"column":null}},"3":{"start":{"line":26,"column":48},"end":{"line":32,"column":null}},"4":{"start":{"line":34,"column":66},"end":{"line":63,"column":null}},"5":{"start":{"line":69,"column":58},"end":{"line":105,"column":null}},"6":{"start":{"line":108,"column":64},"end":{"line":130,"column":null}},"7":{"start":{"line":133,"column":65},"end":{"line":148,"column":null}},"8":{"start":{"line":151,"column":60},"end":{"line":187,"column":null}},"9":{"start":{"line":189,"column":42},"end":{"line":195,"column":null}},"10":{"start":{"line":198,"column":46},"end":{"line":205,"column":null}},"11":{"start":{"line":207,"column":48},"end":{"line":213,"column":null}}},"fnMap":{},"branchMap":{},"s":{"0":2,"1":2,"2":2,"3":2,"4":2,"5":2,"6":2,"7":2,"8":2,"9":2,"10":2,"11":2},"f":{},"b":{},"meta":{"lastBranch":0,"lastFunction":0,"lastStatement":12,"seen":{"s:22:31:22:Infinity":0,"s:23:30:23:Infinity":1,"s:24:31:24:Infinity":2,"s:26:48:32:Infinity":3,"s:34:66:63:Infinity":4,"s:69:58:105:Infinity":5,"s:108:64:130:Infinity":6,"s:133:65:148:Infinity":7,"s:151:60:187:Infinity":8,"s:189:42:195:Infinity":9,"s:198:46:205:Infinity":10,"s:207:48:213:Infinity":11},"fnNames":{}}}
,"C:\\Users\\ratho\\Carbon-Footprint-Awareness-Platform\\src\\utils\\emissionsMath.ts": {"path":"C:\\Users\\ratho\\Carbon-Footprint-Awareness-Platform\\src\\utils\\emissionsMath.ts","statementMap":{"0":{"start":{"line":42,"column":12},"end":{"line":42,"column":null}},"1":{"start":{"line":43,"column":2},"end":{"line":43,"column":null}},"2":{"start":{"line":43,"column":27},"end":{"line":43,"column":null}},"3":{"start":{"line":44,"column":2},"end":{"line":44,"column":null}},"4":{"start":{"line":49,"column":2},"end":{"line":49,"column":null}},"5":{"start":{"line":64,"column":12},"end":{"line":64,"column":null}},"6":{"start":{"line":65,"column":12},"end":{"line":65,"column":null}},"7":{"start":{"line":66,"column":12},"end":{"line":66,"column":null}},"8":{"start":{"line":67,"column":17},"end":{"line":67,"column":null}},"9":{"start":{"line":68,"column":2},"end":{"line":68,"column":null}},"10":{"start":{"line":73,"column":2},"end":{"line":73,"column":null}},"11":{"start":{"line":81,"column":14},"end":{"line":81,"column":null}},"12":{"start":{"line":82,"column":20},"end":{"line":82,"column":null}},"13":{"start":{"line":85,"column":28},"end":{"line":85,"column":null}},"14":{"start":{"line":86,"column":24},"end":{"line":86,"column":null}},"15":{"start":{"line":88,"column":20},"end":{"line":88,"column":null}},"16":{"start":{"line":89,"column":20},"end":{"line":89,"column":null}},"17":{"start":{"line":91,"column":20},"end":{"line":94,"column":null}},"18":{"start":{"line":96,"column":2},"end":{"line":101,"column":null}},"19":{"start":{"line":99,"column":40},"end":{"line":99,"column":51}},"20":{"start":{"line":105,"column":15},"end":{"line":105,"column":null}},"21":{"start":{"line":106,"column":21},"end":{"line":106,"column":null}},"22":{"start":{"line":108,"column":21},"end":{"line":108,"column":null}},"23":{"start":{"line":109,"column":20},"end":{"line":111,"column":null}},"24":{"start":{"line":112,"column":16},"end":{"line":112,"column":null}},"25":{"start":{"line":114,"column":16},"end":{"line":117,"column":null}},"26":{"start":{"line":118,"column":18},"end":{"line":121,"column":null}},"27":{"start":{"line":122,"column":23},"end":{"line":125,"column":null}},"28":{"start":{"line":128,"column":4},"end":{"line":128,"column":null}},"29":{"start":{"line":130,"column":4},"end":{"line":130,"column":null}},"30":{"start":{"line":132,"column":20},"end":{"line":138,"column":null}},"31":{"start":{"line":140,"column":2},"end":{"line":145,"column":null}},"32":{"start":{"line":143,"column":40},"end":{"line":143,"column":51}},"33":{"start":{"line":149,"column":17},"end":{"line":149,"column":null}},"34":{"start":{"line":150,"column":17},"end":{"line":150,"column":null}},"35":{"start":{"line":151,"column":18},"end":{"line":154,"column":null}},"36":{"start":{"line":156,"column":20},"end":{"line":159,"column":null}},"37":{"start":{"line":161,"column":2},"end":{"line":166,"column":null}},"38":{"start":{"line":164,"column":40},"end":{"line":164,"column":51}},"39":{"start":{"line":170,"column":23},"end":{"line":170,"column":null}},"40":{"start":{"line":171,"column":24},"end":{"line":171,"column":null}},"41":{"start":{"line":173,"column":21},"end":{"line":173,"column":null}},"42":{"start":{"line":175,"column":22},"end":{"line":175,"column":null}},"43":{"start":{"line":177,"column":20},"end":{"line":177,"column":null}},"44":{"start":{"line":179,"column":20},"end":{"line":186,"column":null}},"45":{"start":{"line":188,"column":2},"end":{"line":193,"column":null}},"46":{"start":{"line":198,"column":39},"end":{"line":203,"column":null}},"47":{"start":{"line":205,"column":25},"end":{"line":205,"column":null}},"48":{"start":{"line":205,"column":51},"end":{"line":205,"column":62}},"49":{"start":{"line":207,"column":2},"end":{"line":211,"column":null}},"50":{"start":{"line":216,"column":2},"end":{"line":219,"column":null}},"51":{"start":{"line":217,"column":16},"end":{"line":217,"column":null}},"52":{"start":{"line":224,"column":15},"end":{"line":224,"column":null}},"53":{"start":{"line":225,"column":2},"end":{"line":227,"column":null}},"54":{"start":{"line":226,"column":4},"end":{"line":226,"column":null}},"55":{"start":{"line":228,"column":2},"end":{"line":228,"column":null}}},"fnMap":{"0":{"name":"sanitize","decl":{"start":{"line":38,"column":16},"end":{"line":38,"column":null}},"loc":{"start":{"line":41,"column":10},"end":{"line":45,"column":null}},"line":41},"1":{"name":"clampShare","decl":{"start":{"line":48,"column":16},"end":{"line":48,"column":27}},"loc":{"start":{"line":48,"column":51},"end":{"line":50,"column":null}},"line":48},"2":{"name":"co2e","decl":{"start":{"line":59,"column":16},"end":{"line":59,"column":null}},"loc":{"start":{"line":63,"column":10},"end":{"line":69,"column":null}},"line":63},"3":{"name":"applyFactor","decl":{"start":{"line":72,"column":16},"end":{"line":72,"column":28}},"loc":{"start":{"line":72,"column":78},"end":{"line":74,"column":null}},"line":72},"4":{"name":"calcEnergy","decl":{"start":{"line":80,"column":16},"end":{"line":80,"column":27}},"loc":{"start":{"line":80,"column":74},"end":{"line":102,"column":null}},"line":80},"5":{"name":"(anonymous_5)","decl":{"start":{"line":99,"column":33},"end":{"line":99,"column":34}},"loc":{"start":{"line":99,"column":40},"end":{"line":99,"column":51}},"line":99},"6":{"name":"calcTransport","decl":{"start":{"line":104,"column":16},"end":{"line":104,"column":30}},"loc":{"start":{"line":104,"column":80},"end":{"line":146,"column":null}},"line":104},"7":{"name":"(anonymous_7)","decl":{"start":{"line":143,"column":33},"end":{"line":143,"column":34}},"loc":{"start":{"line":143,"column":40},"end":{"line":143,"column":51}},"line":143},"8":{"name":"calcDiet","decl":{"start":{"line":148,"column":16},"end":{"line":148,"column":25}},"loc":{"start":{"line":148,"column":70},"end":{"line":167,"column":null}},"line":148},"9":{"name":"(anonymous_9)","decl":{"start":{"line":164,"column":33},"end":{"line":164,"column":34}},"loc":{"start":{"line":164,"column":40},"end":{"line":164,"column":51}},"line":164},"10":{"name":"calcWaste","decl":{"start":{"line":169,"column":16},"end":{"line":169,"column":26}},"loc":{"start":{"line":169,"column":72},"end":{"line":194,"column":null}},"line":169},"11":{"name":"calculateFootprint","decl":{"start":{"line":197,"column":16},"end":{"line":197,"column":35}},"loc":{"start":{"line":197,"column":79},"end":{"line":212,"column":null}},"line":197},"12":{"name":"(anonymous_12)","decl":{"start":{"line":205,"column":44},"end":{"line":205,"column":45}},"loc":{"start":{"line":205,"column":51},"end":{"line":205,"column":62}},"line":205},"13":{"name":"sum","decl":{"start":{"line":215,"column":16},"end":{"line":215,"column":20}},"loc":{"start":{"line":215,"column":46},"end":{"line":220,"column":null}},"line":215},"14":{"name":"(anonymous_14)","decl":{"start":{"line":217,"column":4},"end":{"line":217,"column":5}},"loc":{"start":{"line":217,"column":16},"end":{"line":217,"column":null}},"line":217},"15":{"name":"formatCo2e","decl":{"start":{"line":223,"column":16},"end":{"line":223,"column":27}},"loc":{"start":{"line":223,"column":47},"end":{"line":229,"column":null}},"line":223}},"branchMap":{"0":{"loc":{"start":{"line":40,"column":2},"end":{"line":40,"column":null}},"type":"default-arg","locations":[{"start":{"line":40,"column":61},"end":{"line":40,"column":null}}],"line":40},"1":{"loc":{"start":{"line":40,"column":4},"end":{"line":40,"column":13}},"type":"default-arg","locations":[{"start":{"line":40,"column":10},"end":{"line":40,"column":13}}],"line":40},"2":{"loc":{"start":{"line":40,"column":13},"end":{"line":40,"column":44}},"type":"default-arg","locations":[{"start":{"line":40,"column":19},"end":{"line":40,"column":44}}],"line":40},"3":{"loc":{"start":{"line":40,"column":44},"end":{"line":40,"column":57}},"type":"default-arg","locations":[{"start":{"line":40,"column":55},"end":{"line":40,"column":57}}],"line":40},"4":{"loc":{"start":{"line":42,"column":12},"end":{"line":42,"column":null}},"type":"cond-expr","locations":[{"start":{"line":42,"column":40},"end":{"line":42,"column":48}},{"start":{"line":42,"column":48},"end":{"line":42,"column":null}}],"line":42},"5":{"loc":{"start":{"line":43,"column":2},"end":{"line":43,"column":null}},"type":"if","locations":[{"start":{"line":43,"column":2},"end":{"line":43,"column":null}},{"start":{},"end":{}}],"line":43},"6":{"loc":{"start":{"line":62,"column":2},"end":{"line":62,"column":null}},"type":"default-arg","locations":[{"start":{"line":62,"column":8},"end":{"line":62,"column":null}}],"line":62},"7":{"loc":{"start":{"line":65,"column":12},"end":{"line":65,"column":null}},"type":"cond-expr","locations":[{"start":{"line":65,"column":46},"end":{"line":65,"column":63}},{"start":{"line":65,"column":63},"end":{"line":65,"column":null}}],"line":65},"8":{"loc":{"start":{"line":66,"column":12},"end":{"line":66,"column":null}},"type":"cond-expr","locations":[{"start":{"line":66,"column":35},"end":{"line":66,"column":41}},{"start":{"line":66,"column":41},"end":{"line":66,"column":null}}],"line":66},"9":{"loc":{"start":{"line":68,"column":9},"end":{"line":68,"column":null}},"type":"cond-expr","locations":[{"start":{"line":68,"column":35},"end":{"line":68,"column":44}},{"start":{"line":68,"column":44},"end":{"line":68,"column":null}}],"line":68},"10":{"loc":{"start":{"line":73,"column":39},"end":{"line":73,"column":50}},"type":"binary-expr","locations":[{"start":{"line":73,"column":39},"end":{"line":73,"column":49}},{"start":{"line":73,"column":49},"end":{"line":73,"column":50}}],"line":73},"11":{"loc":{"start":{"line":88,"column":20},"end":{"line":88,"column":null}},"type":"binary-expr","locations":[{"start":{"line":88,"column":20},"end":{"line":88,"column":52}},{"start":{"line":88,"column":52},"end":{"line":88,"column":null}}],"line":88},"12":{"loc":{"start":{"line":105,"column":15},"end":{"line":105,"column":null}},"type":"binary-expr","locations":[{"start":{"line":105,"column":15},"end":{"line":105,"column":39}},{"start":{"line":105,"column":39},"end":{"line":105,"column":null}}],"line":105},"13":{"loc":{"start":{"line":109,"column":20},"end":{"line":111,"column":null}},"type":"cond-expr","locations":[{"start":{"line":110,"column":6},"end":{"line":110,"column":null}},{"start":{"line":111,"column":6},"end":{"line":111,"column":null}}],"line":109},"14":{"loc":{"start":{"line":109,"column":20},"end":{"line":109,"column":null}},"type":"binary-expr","locations":[{"start":{"line":109,"column":20},"end":{"line":109,"column":38}},{"start":{"line":109,"column":38},"end":{"line":109,"column":null}}],"line":109},"15":{"loc":{"start":{"line":149,"column":17},"end":{"line":149,"column":null}},"type":"binary-expr","locations":[{"start":{"line":149,"column":17},"end":{"line":149,"column":39}},{"start":{"line":149,"column":39},"end":{"line":149,"column":null}}],"line":149},"16":{"loc":{"start":{"line":217,"column":23},"end":{"line":217,"column":null}},"type":"cond-expr","locations":[{"start":{"line":217,"column":44},"end":{"line":217,"column":48}},{"start":{"line":217,"column":48},"end":{"line":217,"column":null}}],"line":217},"17":{"loc":{"start":{"line":224,"column":15},"end":{"line":224,"column":null}},"type":"cond-expr","locations":[{"start":{"line":224,"column":37},"end":{"line":224,"column":42}},{"start":{"line":224,"column":42},"end":{"line":224,"column":null}}],"line":224},"18":{"loc":{"start":{"line":225,"column":2},"end":{"line":227,"column":null}},"type":"if","locations":[{"start":{"line":225,"column":2},"end":{"line":227,"column":null}},{"start":{},"end":{}}],"line":225}},"s":{"0":398,"1":398,"2":9,"3":389,"4":34,"5":186,"6":186,"7":186,"8":186,"9":186,"10":178,"11":18,"12":18,"13":18,"14":18,"15":18,"16":18,"17":18,"18":18,"19":36,"20":15,"21":15,"22":15,"23":15,"24":15,"25":15,"26":15,"27":15,"28":15,"29":15,"30":15,"31":15,"32":75,"33":13,"34":13,"35":13,"36":13,"37":13,"38":26,"39":12,"40":12,"41":12,"42":12,"43":12,"44":12,"45":12,"46":7,"47":7,"48":28,"49":7,"50":55,"51":170,"52":51,"53":51,"54":3,"55":48},"f":{"0":398,"1":34,"2":186,"3":178,"4":18,"5":36,"6":15,"7":75,"8":13,"9":26,"10":12,"11":7,"12":28,"13":55,"14":170,"15":51},"b":{"0":[398],"1":[398],"2":[398],"3":[398],"4":[395,3],"5":[9,389],"6":[186],"7":[185,1],"8":[185,1],"9":[186,0],"10":[178,165],"11":[18,0],"12":[15,0],"13":[12,3],"14":[15,13],"15":[13,0],"16":[168,2],"17":[50,1],"18":[3,48]},"meta":{"lastBranch":19,"lastFunction":16,"lastStatement":56,"seen":{"f:38:16:38:Infinity":0,"b:40:61:40:Infinity":0,"b:40:10:40:13":1,"b:40:19:40:44":2,"b:40:55:40:57":3,"s:42:12:42:Infinity":0,"b:42:40:42:48:42:48:42:Infinity":4,"b:43:2:43:Infinity:undefined:undefined:undefined:undefined":5,"s:43:2:43:Infinity":1,"s:43:27:43:Infinity":2,"s:44:2:44:Infinity":3,"f:48:16:48:27":1,"s:49:2:49:Infinity":4,"f:59:16:59:Infinity":2,"b:62:8:62:Infinity":6,"s:64:12:64:Infinity":5,"s:65:12:65:Infinity":6,"b:65:46:65:63:65:63:65:Infinity":7,"s:66:12:66:Infinity":7,"b:66:35:66:41:66:41:66:Infinity":8,"s:67:17:67:Infinity":8,"s:68:2:68:Infinity":9,"b:68:35:68:44:68:44:68:Infinity":9,"f:72:16:72:28":3,"s:73:2:73:Infinity":10,"b:73:39:73:49:73:49:73:50":10,"f:80:16:80:27":4,"s:81:14:81:Infinity":11,"s:82:20:82:Infinity":12,"s:85:28:85:Infinity":13,"s:86:24:86:Infinity":14,"s:88:20:88:Infinity":15,"b:88:20:88:52:88:52:88:Infinity":11,"s:89:20:89:Infinity":16,"s:91:20:94:Infinity":17,"s:96:2:101:Infinity":18,"f:99:33:99:34":5,"s:99:40:99:51":19,"f:104:16:104:30":6,"s:105:15:105:Infinity":20,"b:105:15:105:39:105:39:105:Infinity":12,"s:106:21:106:Infinity":21,"s:108:21:108:Infinity":22,"s:109:20:111:Infinity":23,"b:110:6:110:Infinity:111:6:111:Infinity":13,"b:109:20:109:38:109:38:109:Infinity":14,"s:112:16:112:Infinity":24,"s:114:16:117:Infinity":25,"s:118:18:121:Infinity":26,"s:122:23:125:Infinity":27,"s:128:4:128:Infinity":28,"s:130:4:130:Infinity":29,"s:132:20:138:Infinity":30,"s:140:2:145:Infinity":31,"f:143:33:143:34":7,"s:143:40:143:51":32,"f:148:16:148:25":8,"s:149:17:149:Infinity":33,"b:149:17:149:39:149:39:149:Infinity":15,"s:150:17:150:Infinity":34,"s:151:18:154:Infinity":35,"s:156:20:159:Infinity":36,"s:161:2:166:Infinity":37,"f:164:33:164:34":9,"s:164:40:164:51":38,"f:169:16:169:26":10,"s:170:23:170:Infinity":39,"s:171:24:171:Infinity":40,"s:173:21:173:Infinity":41,"s:175:22:175:Infinity":42,"s:177:20:177:Infinity":43,"s:179:20:186:Infinity":44,"s:188:2:193:Infinity":45,"f:197:16:197:35":11,"s:198:39:203:Infinity":46,"s:205:25:205:Infinity":47,"f:205:44:205:45":12,"s:205:51:205:62":48,"s:207:2:211:Infinity":49,"f:215:16:215:20":13,"s:216:2:219:Infinity":50,"f:217:4:217:5":14,"s:217:16:217:Infinity":51,"b:217:44:217:48:217:48:217:Infinity":16,"f:223:16:223:27":15,"s:224:15:224:Infinity":52,"b:224:37:224:42:224:42:224:Infinity":17,"b:225:2:227:Infinity:undefined:undefined:undefined:undefined":18,"s:225:2:227:Infinity":53,"s:226:4:226:Infinity":54,"s:228:2:228:Infinity":55},"fnNames":{}}}
,"C:\\Users\\ratho\\Carbon-Footprint-Awareness-Platform\\src\\utils\\recommendations.ts": {"path":"C:\\Users\\ratho\\Carbon-Footprint-Awareness-Platform\\src\\utils\\recommendations.ts","statementMap":{"0":{"start":{"line":21,"column":2},"end":{"line":21,"column":null}},"1":{"start":{"line":27,"column":33},"end":{"line":27,"column":null}},"2":{"start":{"line":30,"column":8},"end":{"line":30,"column":null}},"3":{"start":{"line":33,"column":2},"end":{"line":44,"column":null}},"4":{"start":{"line":34,"column":19},"end":{"line":34,"column":null}},"5":{"start":{"line":35,"column":10},"end":{"line":35,"column":null}},"6":{"start":{"line":36,"column":4},"end":{"line":43,"column":null}},"7":{"start":{"line":47,"column":2},"end":{"line":60,"column":null}},"8":{"start":{"line":48,"column":10},"end":{"line":51,"column":null}},"9":{"start":{"line":52,"column":4},"end":{"line":59,"column":null}},"10":{"start":{"line":63,"column":8},"end":{"line":63,"column":null}},"11":{"start":{"line":66,"column":2},"end":{"line":81,"column":null}},"12":{"start":{"line":67,"column":22},"end":{"line":67,"column":null}},"13":{"start":{"line":68,"column":10},"end":{"line":72,"column":null}},"14":{"start":{"line":73,"column":4},"end":{"line":80,"column":null}},"15":{"start":{"line":84,"column":2},"end":{"line":99,"column":null}},"16":{"start":{"line":85,"column":10},"end":{"line":90,"column":null}},"17":{"start":{"line":91,"column":4},"end":{"line":98,"column":null}},"18":{"start":{"line":102,"column":2},"end":{"line":115,"column":null}},"19":{"start":{"line":103,"column":10},"end":{"line":106,"column":null}},"20":{"start":{"line":107,"column":4},"end":{"line":114,"column":null}},"21":{"start":{"line":118,"column":8},"end":{"line":118,"column":null}},"22":{"start":{"line":119,"column":29},"end":{"line":125,"column":null}},"23":{"start":{"line":126,"column":14},"end":{"line":126,"column":null}},"24":{"start":{"line":129,"column":2},"end":{"line":140,"column":null}},"25":{"start":{"line":130,"column":21},"end":{"line":130,"column":null}},"26":{"start":{"line":131,"column":10},"end":{"line":131,"column":null}},"27":{"start":{"line":132,"column":4},"end":{"line":139,"column":null}},"28":{"start":{"line":143,"column":2},"end":{"line":156,"column":null}},"29":{"start":{"line":144,"column":10},"end":{"line":147,"column":null}},"30":{"start":{"line":148,"column":4},"end":{"line":155,"column":null}},"31":{"start":{"line":159,"column":8},"end":{"line":159,"column":null}},"32":{"start":{"line":162,"column":2},"end":{"line":173,"column":null}},"33":{"start":{"line":163,"column":19},"end":{"line":163,"column":null}},"34":{"start":{"line":164,"column":10},"end":{"line":164,"column":null}},"35":{"start":{"line":165,"column":4},"end":{"line":172,"column":null}},"36":{"start":{"line":176,"column":2},"end":{"line":189,"column":null}},"37":{"start":{"line":177,"column":10},"end":{"line":180,"column":null}},"38":{"start":{"line":181,"column":4},"end":{"line":188,"column":null}},"39":{"start":{"line":192,"column":2},"end":{"line":194,"column":null}},"40":{"start":{"line":193,"column":19},"end":{"line":193,"column":43}},"41":{"start":{"line":194,"column":20},"end":{"line":194,"column":57}},"42":{"start":{"line":200,"column":4},"end":{"line":213,"column":null}}},"fnMap":{"0":{"name":"delta","decl":{"start":{"line":20,"column":9},"end":{"line":20,"column":15}},"loc":{"start":{"line":20,"column":54},"end":{"line":22,"column":null}},"line":20},"1":{"name":"buildRecommendations","decl":{"start":{"line":24,"column":16},"end":{"line":24,"column":null}},"loc":{"start":{"line":26,"column":20},"end":{"line":195,"column":null}},"line":26},"2":{"name":"(anonymous_2)","decl":{"start":{"line":193,"column":12},"end":{"line":193,"column":13}},"loc":{"start":{"line":193,"column":19},"end":{"line":193,"column":43}},"line":193},"3":{"name":"(anonymous_3)","decl":{"start":{"line":194,"column":10},"end":{"line":194,"column":11}},"loc":{"start":{"line":194,"column":20},"end":{"line":194,"column":57}},"line":194}},"branchMap":{"0":{"loc":{"start":{"line":33,"column":2},"end":{"line":44,"column":null}},"type":"if","locations":[{"start":{"line":33,"column":2},"end":{"line":44,"column":null}},{"start":{},"end":{}}],"line":33},"1":{"loc":{"start":{"line":33,"column":6},"end":{"line":33,"column":80}},"type":"binary-expr","locations":[{"start":{"line":33,"column":6},"end":{"line":33,"column":45}},{"start":{"line":33,"column":45},"end":{"line":33,"column":80}}],"line":33},"2":{"loc":{"start":{"line":47,"column":2},"end":{"line":60,"column":null}},"type":"if","locations":[{"start":{"line":47,"column":2},"end":{"line":60,"column":null}},{"start":{},"end":{}}],"line":47},"3":{"loc":{"start":{"line":66,"column":2},"end":{"line":81,"column":null}},"type":"if","locations":[{"start":{"line":66,"column":2},"end":{"line":81,"column":null}},{"start":{},"end":{}}],"line":66},"4":{"loc":{"start":{"line":66,"column":6},"end":{"line":66,"column":83}},"type":"binary-expr","locations":[{"start":{"line":66,"column":6},"end":{"line":66,"column":46}},{"start":{"line":66,"column":46},"end":{"line":66,"column":83}}],"line":66},"5":{"loc":{"start":{"line":84,"column":2},"end":{"line":99,"column":null}},"type":"if","locations":[{"start":{"line":84,"column":2},"end":{"line":99,"column":null}},{"start":{},"end":{}}],"line":84},"6":{"loc":{"start":{"line":84,"column":6},"end":{"line":84,"column":88}},"type":"binary-expr","locations":[{"start":{"line":84,"column":6},"end":{"line":84,"column":48}},{"start":{"line":84,"column":48},"end":{"line":84,"column":88}}],"line":84},"7":{"loc":{"start":{"line":102,"column":2},"end":{"line":115,"column":null}},"type":"if","locations":[{"start":{"line":102,"column":2},"end":{"line":115,"column":null}},{"start":{},"end":{}}],"line":102},"8":{"loc":{"start":{"line":129,"column":2},"end":{"line":140,"column":null}},"type":"if","locations":[{"start":{"line":129,"column":2},"end":{"line":140,"column":null}},{"start":{},"end":{}}],"line":129},"9":{"loc":{"start":{"line":129,"column":6},"end":{"line":129,"column":43}},"type":"binary-expr","locations":[{"start":{"line":129,"column":6},"end":{"line":129,"column":18}},{"start":{"line":129,"column":18},"end":{"line":129,"column":43}}],"line":129},"10":{"loc":{"start":{"line":143,"column":2},"end":{"line":156,"column":null}},"type":"if","locations":[{"start":{"line":143,"column":2},"end":{"line":156,"column":null}},{"start":{},"end":{}}],"line":143},"11":{"loc":{"start":{"line":162,"column":2},"end":{"line":173,"column":null}},"type":"if","locations":[{"start":{"line":162,"column":2},"end":{"line":173,"column":null}},{"start":{},"end":{}}],"line":162},"12":{"loc":{"start":{"line":162,"column":6},"end":{"line":162,"column":80}},"type":"binary-expr","locations":[{"start":{"line":162,"column":6},"end":{"line":162,"column":43}},{"start":{"line":162,"column":43},"end":{"line":162,"column":80}}],"line":162},"13":{"loc":{"start":{"line":176,"column":2},"end":{"line":189,"column":null}},"type":"if","locations":[{"start":{"line":176,"column":2},"end":{"line":189,"column":null}},{"start":{},"end":{}}],"line":176}},"s":{"0":16,"1":2,"2":2,"3":2,"4":2,"5":2,"6":2,"7":2,"8":2,"9":2,"10":2,"11":2,"12":2,"13":2,"14":2,"15":2,"16":2,"17":2,"18":2,"19":0,"20":0,"21":2,"22":2,"23":2,"24":2,"25":2,"26":2,"27":2,"28":2,"29":2,"30":2,"31":2,"32":2,"33":2,"34":2,"35":2,"36":2,"37":2,"38":2,"39":2,"40":16,"41":30,"42":1},"f":{"0":16,"1":2,"2":16,"3":30},"b":{"0":[2,0],"1":[2,2],"2":[2,0],"3":[2,0],"4":[2,2],"5":[2,0],"6":[2,0],"7":[0,2],"8":[2,0],"9":[2,2],"10":[2,0],"11":[2,0],"12":[2,2],"13":[2,0]},"meta":{"lastBranch":14,"lastFunction":4,"lastStatement":43,"seen":{"f:20:9:20:15":0,"s:21:2:21:Infinity":0,"f:24:16:24:Infinity":1,"s:27:33:27:Infinity":1,"s:30:8:30:Infinity":2,"b:33:2:44:Infinity:undefined:undefined:undefined:undefined":0,"s:33:2:44:Infinity":3,"b:33:6:33:45:33:45:33:80":1,"s:34:19:34:Infinity":4,"s:35:10:35:Infinity":5,"s:36:4:43:Infinity":6,"b:47:2:60:Infinity:undefined:undefined:undefined:undefined":2,"s:47:2:60:Infinity":7,"s:48:10:51:Infinity":8,"s:52:4:59:Infinity":9,"s:63:8:63:Infinity":10,"b:66:2:81:Infinity:undefined:undefined:undefined:undefined":3,"s:66:2:81:Infinity":11,"b:66:6:66:46:66:46:66:83":4,"s:67:22:67:Infinity":12,"s:68:10:72:Infinity":13,"s:73:4:80:Infinity":14,"b:84:2:99:Infinity:undefined:undefined:undefined:undefined":5,"s:84:2:99:Infinity":15,"b:84:6:84:48:84:48:84:88":6,"s:85:10:90:Infinity":16,"s:91:4:98:Infinity":17,"b:102:2:115:Infinity:undefined:undefined:undefined:undefined":7,"s:102:2:115:Infinity":18,"s:103:10:106:Infinity":19,"s:107:4:114:Infinity":20,"s:118:8:118:Infinity":21,"s:119:29:125:Infinity":22,"s:126:14:126:Infinity":23,"b:129:2:140:Infinity:undefined:undefined:undefined:undefined":8,"s:129:2:140:Infinity":24,"b:129:6:129:18:129:18:129:43":9,"s:130:21:130:Infinity":25,"s:131:10:131:Infinity":26,"s:132:4:139:Infinity":27,"b:143:2:156:Infinity:undefined:undefined:undefined:undefined":10,"s:143:2:156:Infinity":28,"s:144:10:147:Infinity":29,"s:148:4:155:Infinity":30,"s:159:8:159:Infinity":31,"b:162:2:173:Infinity:undefined:undefined:undefined:undefined":11,"s:162:2:173:Infinity":32,"b:162:6:162:43:162:43:162:80":12,"s:163:19:163:Infinity":33,"s:164:10:164:Infinity":34,"s:165:4:172:Infinity":35,"b:176:2:189:Infinity:undefined:undefined:undefined:undefined":13,"s:176:2:189:Infinity":36,"s:177:10:180:Infinity":37,"s:181:4:188:Infinity":38,"s:192:2:194:Infinity":39,"f:193:12:193:13":2,"s:193:19:193:43":40,"f:194:10:194:11":3,"s:194:20:194:57":41,"s:200:4:213:Infinity":42},"fnNames":{}}}
}
